autoscan: warning: missing AC_CHECK_FUNCS([floor]) wanted by: 
	ptrn_disk.cpp:146
	ptrn_ebb.cpp:195
autoscan: warning: missing AC_CHECK_FUNCS([gethostname]) wanted by: 
	netgauge.c:257
	ptrn_mprobe.cpp:272
autoscan: warning: missing AC_CHECK_FUNCS([getpagesize]) wanted by: 
	mod_ib.c:890
autoscan: warning: missing AC_CHECK_FUNCS([strcspn]) wanted by: 
	netgauge_cmdline.c:817
	ptrn_collvsnoise_cmdline.c:631
	ptrn_disk_cmdline.c:664
	ptrn_ebb_cmdline.c:683
	ptrn_memory_cmdline.c:750
	ptrn_mprobe_cmdline.c:738
	ptrn_noise_cmdline.c:716
	ptrn_overlap_cmdline.c:601
autoscan: warning: missing AC_CHECK_FUNCS([strerror]) wanted by: 
	mod_cell.c:122
	mod_cell.c:151
	mod_cell.c:169
	mod_cell.c:175
	mod_cell.c:182
	mod_cell.c:189
	mod_cell.c:196
	mod_cell.c:213
	mod_cell.c:245
	mod_cell.c:251
	mod_cell.c:256
	mod_cell.c:263
	mod_cell_dma.c:161
	mod_cell_dma.c:165
	mod_cell_dma.c:190
	mod_cell_dma.c:203
	mod_cell_dma.c:227
	mod_cell_dma.c:240
	mod_cell_dmalist.c:65
	mod_cell_dmalist.c:78
	mod_cell_dmalist.c:102
	mod_cell_dmalist.c:115
	mod_cell_mail.c:66
	mod_cell_mail.c:76
	mod_cell_mail.c:94
	mod_cell_mail.c:108
	mod_cell_mail.c:133
	mod_cell_mail.c:151
	mod_cell_mail.c:170
	mod_cell_mail.c:192
	mod_ib.c:168
	mod_ib.c:453
	mod_ib.c:477
	mod_ib.c:546
	mod_ib.c:567
	mod_ib.c:595
	mod_ib.c:606
autoscan: warning: missing AC_CHECK_FUNCS([strspn]) wanted by: 
	netgauge_cmdline.c:829
	ptrn_collvsnoise_cmdline.c:643
	ptrn_disk_cmdline.c:676
	ptrn_ebb_cmdline.c:695
	ptrn_memory_cmdline.c:762
	ptrn_mprobe_cmdline.c:750
	ptrn_noise_cmdline.c:728
	ptrn_overlap_cmdline.c:613
autoscan: warning: missing AC_CHECK_FUNCS([strtol]) wanted by: 
	netgauge_cmdline.c:483
	ptrn_disk_cmdline.c:456
	ptrn_ebb_cmdline.c:451
	ptrn_memory_cmdline.c:516
	ptrn_mprobe_cmdline.c:471
	ptrn_noise_cmdline.c:486
	ptrn_overlap_cmdline.c:419
autoscan: warning: missing AC_CHECK_FUNCS([uname]) wanted by: 
	netgauge.c:1314
autoscan: warning: missing AC_CHECK_HEADERS([limits.h]) wanted by: 
	MersenneTwister.h:64
	netgauge.h:15
	mersenne/MersenneTwister.h:64
autoscan: warning: missing AC_CHECK_HEADER_STDBOOL wanted by: 
	MersenneTwister.h:271
	librecv_dynsize.cpp:40
	librecv_dynsize.cpp:41
	librecv_dynsize.cpp:65
	librecv_dynsize.cpp:66
	librecv_dynsize.cpp:84
	librecv_dynsize.cpp:85
	librecv_dynsize.cpp:103
	librecv_dynsize.cpp:104
	librecv_dynsize.cpp:176
	mersenne/MersenneTwister.h:271
	wnlib/wnasrt.c:32
	wnlib/wncons.h:26
	wnlib/wneq.h:24
	wnlib/wneq.h:25
	wnlib/wneq.h:26
	wnlib/wneq.h:27
	wnlib/wneq.h:28
	wnlib/wneq.h:28
	wnlib/wneq.h:29
	wnlib/wnhtab.c:92
	wnlib/wnhtab.c:163
	wnlib/wnhtab.c:236
	wnlib/wnhtab.c:358
	wnlib/wnhtab.h:56
	wnlib/wnhtab.h:57
	wnlib/wnhtab.h:58
	wnlib/wnhtab.h:59
	wnlib/wnmem.c:92
	wnlib/wnmem.c:99
	wnlib/wnmem.c:641
	wnlib/wnmem.c:819
	wnlib/wnmem.c:836
	wnlib/wnmem.h:99
	wnlib/wnmemb.h:27
	wnlib/wnmemg.c:37
	wnlib/wnmemn.c:48
	wnlib/wnnop.c:52
	wnlib/wnnop.c:58
	wnlib/wnnop.h:24
	wnlib/wnnop.h:25
	wnlib/wnpeq.c:19
	wnlib/wnstr.h:60
	librecv_dynsize.cpp:28
	librecv_dynsize.cpp:47
	librecv_dynsize.cpp:57
	librecv_dynsize.cpp:71
	librecv_dynsize.cpp:90
	librecv_dynsize.cpp:106
	librecv_dynsize.cpp:161
	MersenneTwister.h:271
	librecv_dynsize.cpp:41
	librecv_dynsize.cpp:66
	librecv_dynsize.cpp:85
	librecv_dynsize.cpp:104
	librecv_dynsize.cpp:108
	librecv_dynsize.cpp:117
	mersenne/MersenneTwister.h:271
autoscan: warning: missing AC_PROG_RANLIB wanted by: 
	config/ltmain.sh:1601
autoscan: warning: missing AC_TYPE_INT64_T wanted by: 
	ptrn_memory.cpp:77
autoscan: warning: missing AC_TYPE_MODE_T wanted by: 
	ptrn_disk.cpp:90
autoscan: warning: missing AC_TYPE_SIZE_T wanted by: 
	MersenneTwister.h:327
	MersenneTwister.h:334
	getopt_long.c:170
	iba_openib.h:918
	mod_armci.c:33
	mod_armci.c:103
	mod_ib.c:210
	mod_ib.h:25
	mod_ib.h:43
	mod_ibv.c:213
	mod_ibv.h:46
	netgauge.h:310
	netgauge_cmdline.c:800
	ptrn_collvsnoise_cmdline.c:614
	ptrn_disk_cmdline.c:647
	ptrn_ebb_cmdline.c:666
	ptrn_memory_cmdline.c:237
	ptrn_memory_cmdline.c:733
	ptrn_mprobe_cmdline.c:721
	ptrn_noise_cmdline.c:235
	ptrn_noise_cmdline.c:699
	ptrn_overlap_cmdline.c:584
	rpl_alloc.c:3
	rpl_alloc.c:9
	mersenne/MersenneTwister.h:327
	mersenne/MersenneTwister.h:334
autoscan: warning: missing AC_TYPE_SSIZE_T wanted by: 
	mod_eth.c:440
autoscan: warning: missing AC_TYPE_UINT16_T wanted by: 
	iba_openib.h:36
	iba_openib.h:80
	iba_openib.h:1323
	iba_openib.h:1637
	iba_openib.h:1647
	mod_cell_task.h:54
	mod_ibv.h:47
	mod_ibv.h:48
autoscan: warning: missing AC_TYPE_UINT32_T wanted by: 
	iba_openib.h:40
	iba_openib.h:140
	iba_openib.h:215
	iba_openib.h:216
	iba_openib.h:217
	iba_openib.h:468
	iba_openib.h:921
	iba_openib.h:922
	mod_cell.c:132
	mod_cell_dma.c:134
	mod_cell_dma.c:147
	mod_cell_dma.c:154
	mod_cell_dma.c:179
	mod_cell_dma.c:216
	mod_cell_dma_spu.c:15
	mod_cell_dma_spu.c:16
	mod_cell_dma_spu.c:32
	mod_cell_dma_spu.c:88
	mod_cell_dma_spu.c:94
	mod_cell_dmalist.c:54
	mod_cell_dmalist.c:91
	mod_cell_mail.c:53
	mod_cell_mail.c:58
	mod_cell_mail.c:58
	mod_cell_mail.c:121
	mod_cell_mail.c:127
	mod_cell_mail.c:127
	mod_cell_spu.c:19
	mod_cell_spu.c:23
	mod_cell_spu.c:23
	mod_cell_spu.c:26
	mod_cell_task.h:31
	mod_cell_task.h:66
	mod_ib.c:49
	mod_ib.c:645
	mod_ib.h:46
	mod_ib.h:47
	mod_ibv.h:49
	mod_ibv.h:50
	mod_ibv.h:51
	mod_ibv.h:52
	mod_mx.c:60
	mod_mx.c:70
	mod_mx.c:131
	mod_mx.c:154
	mod_mx.c:222
	mod_mx.c:224
	mod_mx.c:249
	mod_mx.c:249
autoscan: warning: missing AC_TYPE_UINT64_T wanted by: 
	iba_openib.h:44
	iba_openib.h:218
	mod_cell_dma.c:133
	mod_cell_dma.c:140
	mod_cell_dma.c:143
	mod_cell_dma_spu.c:20
	mod_cell_dma_spu.c:20
	mod_cell_spu.c:14
	mod_cell_spu.c:14
	mod_ib.c:80
	mod_ib.c:148
	mod_ib.h:71
	mod_ib.h:72
	mod_mx.c:77
	mod_mx.c:99
	mod_mx.c:119
	mod_mx.c:162
	mod_mx.c:221
	mod_mx.c:223
	mod_mx.c:248
	mod_mx.c:248
	ptrn_collvsnoise.cpp:221
	ptrn_collvsnoise.cpp:249
	ptrn_ebb.cpp:166
	ptrn_func_args.cpp:60
	ptrn_func_args.cpp:72
	ptrn_func_args.cpp:84
	ptrn_func_args.cpp:96
	ptrn_func_args.cpp:108
	ptrn_func_args.cpp:120
	ptrn_func_args.cpp:132
	ptrn_func_args.cpp:144
	ptrn_func_args.cpp:156
	ptrn_func_args.cpp:168
	ptrn_func_args.cpp:180
	ptrn_func_args.cpp:192
	ptrn_func_args.cpp:204
	ptrn_func_args.cpp:216
	ptrn_func_args.cpp:228
	ptrn_memory.cpp:75
	ptrn_mprobe.cpp:348
	ptrn_mprobe.cpp:466
	ptrn_noise.c:58
	ptrn_noise.c:59
	ptrn_noise.c:84
	ptrn_noise.c:130
	ptrn_noise.c:162
	ptrn_noise.c:167
	ptrn_noise.c:192
	ptrn_noise.c:208
	ptrn_noise.c:212
	ptrn_noise.c:213
	ptrn_noise.c:213
	ptrn_noise.c:319
	ptrn_noise.c:334
	ptrn_noise.c:344
	ptrn_noise.c:347
	ptrn_noise.c:385
	ptrn_noise.c:429
	ptrn_noise.h:69
	hrtimer/hrtimer.h:46
autoscan: warning: missing AC_TYPE_UINT8_T wanted by: 
	iba_openib.h:32
	iba_openib.h:1299
	iba_openib.h:1304
	iba_openib.h:1318
	iba_openib.h:1323
	iba_openib.h:1360
	mod_cell_task.h:36
	mod_cell_task.h:45
	mod_cell_task.h:61
	mod_ib.c:256
	mod_ib.h:78
