This file contains any messages produced by compilers while
running configure, to aid debugging if configure makes a mistake.

It was created by netgauge configure 2.4.6, which was
generated by GNU Autoconf 2.69.  Invocation command line was

  $ ./configure --prefix=/opt/apps/mpi/mpich-3.4.2_nvidiahpc-21.9-0

## --------- ##
## Platform. ##
## --------- ##

hostname = node028.cluster
uname -m = x86_64
uname -r = 4.18.0-425.3.1.el8.x86_64
uname -s = Linux
uname -v = #1 SMP Fri Sep 30 11:45:06 EDT 2022

/usr/bin/uname -p = x86_64
/bin/uname -X     = unknown

/bin/arch              = x86_64
/usr/bin/arch -k       = unknown
/usr/convex/getsysinfo = unknown
/usr/bin/hostinfo      = unknown
/bin/machine           = unknown
/usr/bin/oslevel       = unknown
/bin/universe          = unknown

PATH: /opt/apps/mpi/mpich-3.4.2_nvidiahpc-21.9-0/bin
PATH: /opt/nvidia/hpc_sdk/Linux_x86_64/21.9/compilers/bin
PATH: /home/ldai8/.vscode-server/bin/7f329fe6c66b0f86ae1574c2911b681ad5a45d63/bin/remote-cli
PATH: /home/ldai8/.local/bin
PATH: /home/ldai8/bin
PATH: /usr/local/bin
PATH: /usr/bin
PATH: /usr/local/sbin
PATH: /usr/sbin


## ----------- ##
## Core tests. ##
## ----------- ##

configure:2544: checking for a BSD-compatible install
configure:2612: result: /usr/bin/install -c
configure:2623: checking whether build environment is sane
configure:2673: result: yes
configure:2814: checking for a thread-safe mkdir -p
configure:2853: result: /usr/bin/mkdir -p
configure:2866: checking for gawk
configure:2882: found /usr/bin/gawk
configure:2893: result: gawk
configure:2904: checking whether make sets $(MAKE)
configure:2926: result: yes
configure:3013: *** checking for MPI support ***
configure:3114: checking for mpicc
configure:3130: found /opt/apps/mpi/mpich-3.4.2_nvidiahpc-21.9-0/bin/mpicc
configure:3142: result: yes
configure:3158: using mpicc for MPI support
configure:3171: *** checking for MPI C++ support ***
configure:3262: checking for mpicxx
configure:3278: found /opt/apps/mpi/mpich-3.4.2_nvidiahpc-21.9-0/bin/mpicxx
configure:3290: result: yes
configure:3306: using mpicxx for MPI C++ support
configure:3366: checking for gcc
configure:3393: result: mpicc
configure:3622: checking for C compiler version
configure:3631: mpicc --version >&5

pgcc (aka nvc) 21.9-0 64-bit target on x86-64 Linux -tp skylake 
PGI Compilers and Tools
Copyright (c) 2021, NVIDIA CORPORATION & AFFILIATES.  All rights reserved.
/usr/lib64/crt1.o: In function `_start':
(.text+0x24): undefined reference to `main'
configure:3642: $? = 2
configure:3631: mpicc -v >&5
mpicc for MPICH version 3.4.2
Export NVCOMPILER=/opt/nvidia/hpc_sdk/Linux_x86_64/21.9
Export PGI=/opt/nvidia/hpc_sdk
pgcc-Warning-No files to process

configure:3642: $? = 0
configure:3631: mpicc -V >&5

pgcc (aka nvc) 21.9-0 64-bit target on x86-64 Linux -tp skylake 
PGI Compilers and Tools
Copyright (c) 2021, NVIDIA CORPORATION & AFFILIATES.  All rights reserved.
/usr/lib64/crt1.o: In function `_start':
(.text+0x24): undefined reference to `main'
configure:3642: $? = 2
configure:3631: mpicc -qversion >&5
pgcc-Error-Unknown switch: -qversion
configure:3642: $? = 1
configure:3662: checking whether the C compiler works
configure:3684: mpicc    conftest.c  >&5
configure:3688: $? = 0
configure:3736: result: yes
configure:3739: checking for C compiler default output file name
configure:3741: result: a.out
configure:3747: checking for suffix of executables
configure:3754: mpicc -o conftest    conftest.c  >&5
configure:3758: $? = 0
configure:3780: result: 
configure:3802: checking whether we are cross compiling
configure:3810: mpicc -o conftest    conftest.c  >&5
"conftest.c", line 20: warning: statement is unreachable
    return 0;
    ^

configure:3814: $? = 0
configure:3821: ./conftest
configure:3825: $? = 0
configure:3840: result: no
configure:3845: checking for suffix of object files
configure:3867: mpicc -c   conftest.c >&5
configure:3871: $? = 0
configure:3892: result: o
configure:3896: checking whether we are using the GNU C compiler
configure:3915: mpicc -c   conftest.c >&5
configure:3915: $? = 0
configure:3924: result: yes
configure:3933: checking whether mpicc accepts -g
configure:3953: mpicc -c -g  conftest.c >&5
configure:3953: $? = 0
configure:3994: result: yes
configure:4011: checking for mpicc option to accept ISO C89
configure:4074: mpicc  -c   conftest.c >&5
"conftest.c", line 59: warning: statement is unreachable
    return 0;
    ^

configure:4074: $? = 0
configure:4087: result: none needed
configure:4118: checking for style of include used by make
configure:4146: result: GNU
configure:4171: checking dependency style of mpicc
configure:4281: result: icc
configure:4408: checking for C++ compiler version
configure:4417: mpicxx --version >&5

pgc++ (aka nvc++) 21.9-0 64-bit target on x86-64 Linux -tp skylake 
PGI Compilers and Tools
Copyright (c) 2021, NVIDIA CORPORATION & AFFILIATES.  All rights reserved.
/usr/lib64/crt1.o: In function `_start':
(.text+0x24): undefined reference to `main'
configure:4428: $? = 2
configure:4417: mpicxx -v >&5
mpicxx for MPICH version 3.4.2
Export NVCOMPILER=/opt/nvidia/hpc_sdk/Linux_x86_64/21.9
Export PGI=/opt/nvidia/hpc_sdk
pgc++-Warning-No files to process

configure:4428: $? = 0
configure:4417: mpicxx -V >&5

pgc++ (aka nvc++) 21.9-0 64-bit target on x86-64 Linux -tp skylake 
PGI Compilers and Tools
Copyright (c) 2021, NVIDIA CORPORATION & AFFILIATES.  All rights reserved.
/usr/lib64/crt1.o: In function `_start':
(.text+0x24): undefined reference to `main'
configure:4428: $? = 2
configure:4417: mpicxx -qversion >&5
pgc++-Error-Unknown switch: -qversion
configure:4428: $? = 1
configure:4432: checking whether we are using the GNU C++ compiler
configure:4451: mpicxx -c   conftest.cpp >&5
configure:4451: $? = 0
configure:4460: result: yes
configure:4469: checking whether mpicxx accepts -g
configure:4489: mpicxx -c -g  conftest.cpp >&5
configure:4489: $? = 0
configure:4530: result: yes
configure:4555: checking dependency style of mpicxx
configure:4665: result: icc
configure:4709: checking build system type
configure:4723: result: x86_64-unknown-linux-gnu
configure:4743: checking host system type
configure:4756: result: x86_64-unknown-linux-gnu
configure:4776: checking for a sed that does not truncate output
configure:4840: result: /usr/bin/sed
configure:4858: checking for grep that handles long lines and -e
configure:4916: result: /usr/bin/grep
configure:4921: checking for egrep
configure:4983: result: /usr/bin/grep -E
configure:4988: checking for fgrep
configure:5050: result: /usr/bin/grep -F
configure:5085: checking for ld used by mpicc
pgcc-Error-Unknown switch: -print-prog-name=ld
configure:5152: result: /usr/bin/ld
configure:5159: checking if the linker (/usr/bin/ld) is GNU ld
configure:5174: result: yes
configure:5186: checking for BSD- or MS-compatible name lister (nm)
configure:5235: result: /usr/bin/nm -B
configure:5353: checking the name lister (/usr/bin/nm -B) interface
configure:5360: mpicc -c   conftest.c >&5
configure:5363: /usr/bin/nm -B "conftest.o"
configure:5366: output
0000000000000000 t pgCplus_compiled.
0000000000000000 B some_variable
configure:5373: result: BSD nm
configure:5376: checking whether ln -s works
configure:5380: result: yes
configure:5388: checking the maximum length of command line arguments
configure:5508: result: 3458764513820540925
configure:5525: checking whether the shell understands some XSI constructs
configure:5535: result: yes
configure:5539: checking whether the shell understands "+="
configure:5545: result: yes
configure:5580: checking for /usr/bin/ld option to reload object files
configure:5587: result: -r
configure:5656: checking for objdump
configure:5672: found /usr/bin/objdump
configure:5683: result: objdump
configure:5715: checking how to recognize dependent libraries
configure:5911: result: pass_all
configure:5971: checking for ar
configure:5987: found /usr/bin/ar
configure:5998: result: ar
configure:6076: checking for strip
configure:6092: found /usr/bin/strip
configure:6103: result: strip
configure:6175: checking for ranlib
configure:6191: found /usr/bin/ranlib
configure:6202: result: ranlib
configure:6292: checking command to parse /usr/bin/nm -B output from mpicc object
configure:6410: mpicc -c   conftest.c >&5
configure:6413: $? = 0
configure:6417: /usr/bin/nm -B conftest.o \| sed -n -e 's/^.*[	 ]\([ABCDGIRSTW][ABCDGIRSTW]*\)[	 ][	 ]*\([_A-Za-z][_A-Za-z0-9]*\)$/\1 \2 \2/p' \> conftest.nm
configure:6420: $? = 0
configure:6474: mpicc -o conftest    conftest.c conftstm.o >&5
conftest.c:
configure:6477: $? = 0
configure:6515: result: ok
configure:6611: mpicc -c   conftest.c >&5
configure:6614: $? = 0
configure:7324: checking how to run the C preprocessor
configure:7355: mpicc -E  conftest.c
configure:7355: $? = 0
configure:7369: mpicc -E  conftest.c
"conftest.c", line 12: error: cannot open source file "ac_nonexistent.h"
  #include <ac_nonexistent.h>
                             ^

1 error detected in the compilation of "conftest.c".
configure:7369: $? = 2
configure: failed program was:
| /* confdefs.h */
| #define PACKAGE_NAME "netgauge"
| #define PACKAGE_TARNAME "netgauge"
| #define PACKAGE_VERSION "2.4.6"
| #define PACKAGE_STRING "netgauge 2.4.6"
| #define PACKAGE_BUGREPORT "htor@cs.indiana.edu"
| #define PACKAGE_URL ""
| #define PACKAGE "netgauge"
| #define VERSION "2.4.6"
| #define NG_MPI 1
| /* end confdefs.h.  */
| #include <ac_nonexistent.h>
configure:7394: result: mpicc -E
configure:7414: mpicc -E  conftest.c
configure:7414: $? = 0
configure:7428: mpicc -E  conftest.c
"conftest.c", line 12: error: cannot open source file "ac_nonexistent.h"
  #include <ac_nonexistent.h>
                             ^

1 error detected in the compilation of "conftest.c".
configure:7428: $? = 2
configure: failed program was:
| /* confdefs.h */
| #define PACKAGE_NAME "netgauge"
| #define PACKAGE_TARNAME "netgauge"
| #define PACKAGE_VERSION "2.4.6"
| #define PACKAGE_STRING "netgauge 2.4.6"
| #define PACKAGE_BUGREPORT "htor@cs.indiana.edu"
| #define PACKAGE_URL ""
| #define PACKAGE "netgauge"
| #define VERSION "2.4.6"
| #define NG_MPI 1
| /* end confdefs.h.  */
| #include <ac_nonexistent.h>
configure:7457: checking for ANSI C header files
configure:7477: mpicc -c   conftest.c >&5
configure:7477: $? = 0
configure:7550: mpicc -o conftest    conftest.c  >&5
configure:7550: $? = 0
configure:7550: ./conftest
configure:7550: $? = 0
configure:7561: result: yes
configure:7574: checking for sys/types.h
configure:7574: mpicc -c   conftest.c >&5
configure:7574: $? = 0
configure:7574: result: yes
configure:7574: checking for sys/stat.h
configure:7574: mpicc -c   conftest.c >&5
configure:7574: $? = 0
configure:7574: result: yes
configure:7574: checking for stdlib.h
configure:7574: mpicc -c   conftest.c >&5
configure:7574: $? = 0
configure:7574: result: yes
configure:7574: checking for string.h
configure:7574: mpicc -c   conftest.c >&5
configure:7574: $? = 0
configure:7574: result: yes
configure:7574: checking for memory.h
configure:7574: mpicc -c   conftest.c >&5
configure:7574: $? = 0
configure:7574: result: yes
configure:7574: checking for strings.h
configure:7574: mpicc -c   conftest.c >&5
configure:7574: $? = 0
configure:7574: result: yes
configure:7574: checking for inttypes.h
configure:7574: mpicc -c   conftest.c >&5
configure:7574: $? = 0
configure:7574: result: yes
configure:7574: checking for stdint.h
configure:7574: mpicc -c   conftest.c >&5
configure:7574: $? = 0
configure:7574: result: yes
configure:7574: checking for unistd.h
configure:7574: mpicc -c   conftest.c >&5
configure:7574: $? = 0
configure:7574: result: yes
configure:7588: checking for dlfcn.h
configure:7588: mpicc -c   conftest.c >&5
configure:7588: $? = 0
configure:7588: result: yes
configure:7713: checking for C++ compiler version
configure:7722: mpicxx --version >&5

pgc++ (aka nvc++) 21.9-0 64-bit target on x86-64 Linux -tp skylake 
PGI Compilers and Tools
Copyright (c) 2021, NVIDIA CORPORATION & AFFILIATES.  All rights reserved.
/usr/lib64/crt1.o: In function `_start':
(.text+0x24): undefined reference to `main'
configure:7733: $? = 2
configure:7722: mpicxx -v >&5
mpicxx for MPICH version 3.4.2
Export NVCOMPILER=/opt/nvidia/hpc_sdk/Linux_x86_64/21.9
Export PGI=/opt/nvidia/hpc_sdk
pgc++-Warning-No files to process

configure:7733: $? = 0
configure:7722: mpicxx -V >&5

pgc++ (aka nvc++) 21.9-0 64-bit target on x86-64 Linux -tp skylake 
PGI Compilers and Tools
Copyright (c) 2021, NVIDIA CORPORATION & AFFILIATES.  All rights reserved.
/usr/lib64/crt1.o: In function `_start':
(.text+0x24): undefined reference to `main'
configure:7733: $? = 2
configure:7722: mpicxx -qversion >&5
pgc++-Error-Unknown switch: -qversion
configure:7733: $? = 1
configure:7737: checking whether we are using the GNU C++ compiler
configure:7765: result: yes
configure:7774: checking whether mpicxx accepts -g
configure:7835: result: yes
configure:7860: checking dependency style of mpicxx
configure:7970: result: icc
configure:7993: checking how to run the C++ preprocessor
configure:8020: mpicxx -E  conftest.cpp
configure:8020: $? = 0
configure:8034: mpicxx -E  conftest.cpp
"conftest.cpp", line 23: error: cannot open source file "ac_nonexistent.h"
  #include <ac_nonexistent.h>
                             ^

1 error detected in the compilation of "conftest.cpp".
configure:8034: $? = 2
configure: failed program was:
| /* confdefs.h */
| #define PACKAGE_NAME "netgauge"
| #define PACKAGE_TARNAME "netgauge"
| #define PACKAGE_VERSION "2.4.6"
| #define PACKAGE_STRING "netgauge 2.4.6"
| #define PACKAGE_BUGREPORT "htor@cs.indiana.edu"
| #define PACKAGE_URL ""
| #define PACKAGE "netgauge"
| #define VERSION "2.4.6"
| #define NG_MPI 1
| #define STDC_HEADERS 1
| #define HAVE_SYS_TYPES_H 1
| #define HAVE_SYS_STAT_H 1
| #define HAVE_STDLIB_H 1
| #define HAVE_STRING_H 1
| #define HAVE_MEMORY_H 1
| #define HAVE_STRINGS_H 1
| #define HAVE_INTTYPES_H 1
| #define HAVE_STDINT_H 1
| #define HAVE_UNISTD_H 1
| #define HAVE_DLFCN_H 1
| /* end confdefs.h.  */
| #include <ac_nonexistent.h>
configure:8059: result: mpicxx -E
configure:8079: mpicxx -E  conftest.cpp
configure:8079: $? = 0
configure:8093: mpicxx -E  conftest.cpp
"conftest.cpp", line 23: error: cannot open source file "ac_nonexistent.h"
  #include <ac_nonexistent.h>
                             ^

1 error detected in the compilation of "conftest.cpp".
configure:8093: $? = 2
configure: failed program was:
| /* confdefs.h */
| #define PACKAGE_NAME "netgauge"
| #define PACKAGE_TARNAME "netgauge"
| #define PACKAGE_VERSION "2.4.6"
| #define PACKAGE_STRING "netgauge 2.4.6"
| #define PACKAGE_BUGREPORT "htor@cs.indiana.edu"
| #define PACKAGE_URL ""
| #define PACKAGE "netgauge"
| #define VERSION "2.4.6"
| #define NG_MPI 1
| #define STDC_HEADERS 1
| #define HAVE_SYS_TYPES_H 1
| #define HAVE_SYS_STAT_H 1
| #define HAVE_STDLIB_H 1
| #define HAVE_STRING_H 1
| #define HAVE_MEMORY_H 1
| #define HAVE_STRINGS_H 1
| #define HAVE_INTTYPES_H 1
| #define HAVE_STDINT_H 1
| #define HAVE_UNISTD_H 1
| #define HAVE_DLFCN_H 1
| /* end confdefs.h.  */
| #include <ac_nonexistent.h>
configure:8299: checking for objdir
configure:8314: result: .libs
configure:8606: checking if mpicc supports -fno-rtti -fno-exceptions
configure:8624: mpicc -c   -fno-rtti -fno-exceptions conftest.c >&5
pgcc-Error-Unknown switch: -fno-rtti
configure:8628: $? = 1
configure:8641: result: no
configure:8661: checking for mpicc option to produce PIC
configure:8933: result: -fPIC -DPIC
configure:8945: checking if mpicc PIC flag -fPIC -DPIC works
configure:8963: mpicc -c   -fPIC -DPIC -DPIC conftest.c >&5
configure:8967: $? = 0
configure:8980: result: yes
configure:9004: checking if mpicc static flag -static works
configure:9032: result: no
configure:9047: checking if mpicc supports -c -o file.o
configure:9068: mpicc -c   -o out/conftest2.o conftest.c >&5
configure:9072: $? = 0
configure:9094: result: yes
configure:9102: checking if mpicc supports -c -o file.o
configure:9149: result: yes
configure:9182: checking whether the mpicc linker (/usr/bin/ld -m elf_x86_64) supports shared libraries
configure:10173: result: yes
configure:10210: checking whether -lc should be explicitly linked in
configure:10215: mpicc -c   conftest.c >&5
configure:10218: $? = 0
configure:10233: mpicc -shared conftest.o  -v -Wl,-soname -Wl,conftest -o conftest 2\>\&1 \| /usr/bin/grep  -lc  \>/dev/null 2\>\&1
configure:10236: $? = 0
configure:10248: result: no
configure:10412: checking dynamic linker characteristics
configure:10845: mpicc -o conftest    -Wl,-rpath -Wl,/foo conftest.c  >&5
configure:10845: $? = 0
configure:11075: result: GNU/Linux ld.so
configure:11177: checking how to hardcode library paths into programs
configure:11202: result: immediate
configure:11722: checking whether stripping libraries is possible
configure:11727: result: yes
configure:11762: checking if libtool supports shared libraries
configure:11764: result: yes
configure:11767: checking whether to build shared libraries
configure:11788: result: yes
configure:11791: checking whether to build static libraries
configure:11795: result: yes
configure:11945: checking for ld used by mpicxx
pgc++-Error-Unknown switch: -print-prog-name=ld
configure:12012: result: /usr/bin/ld -m elf_x86_64
configure:12019: checking if the linker (/usr/bin/ld -m elf_x86_64) is GNU ld
configure:12034: result: yes
configure:12089: checking whether the mpicxx linker (/usr/bin/ld -m elf_x86_64) supports shared libraries
configure:13002: result: yes
configure:13030: mpicxx -c -g -O2  conftest.cpp >&5
configure:13033: $? = 0
configure:13215: checking for mpicxx option to produce PIC
configure:13532: result: -fPIC -DPIC
configure:13541: checking if mpicxx PIC flag -fPIC -DPIC works
configure:13559: mpicxx -c -g -O2  -fPIC -DPIC -DPIC conftest.cpp >&5
configure:13563: $? = 0
configure:13576: result: yes
configure:13597: checking if mpicxx static flag -static works
configure:13625: result: no
configure:13637: checking if mpicxx supports -c -o file.o
configure:13658: mpicxx -c -g -O2  -o out/conftest2.o conftest.cpp >&5
configure:13662: $? = 0
configure:13684: result: yes
configure:13689: checking if mpicxx supports -c -o file.o
configure:13736: result: yes
configure:13766: checking whether the mpicxx linker (/usr/bin/ld -m elf_x86_64) supports shared libraries
configure:13795: result: yes
configure:13932: checking dynamic linker characteristics
configure:14313: mpicxx -o conftest -g -O2   -Wl,-rpath -Wl,/foo conftest.cpp  >&5
configure:14313: $? = 0
configure:14543: result: GNU/Linux ld.so
configure:14594: checking how to hardcode library paths into programs
configure:14619: result: immediate
configure:14679: checking for sqrt in -lm
configure:14704: mpicc -o conftest    conftest.c -lm   >&5
"conftest.c", line 37: warning: statement is unreachable
    return 0;
    ^

configure:14704: $? = 0
configure:14713: result: yes
configure:14724: checking for sysctl in -lc
configure:14749: mpicc -o conftest    conftest.c -lc  -lm  >&5
"conftest.c", line 38: warning: statement is unreachable
    return 0;
    ^

configure:14749: $? = 0
configure:14758: result: yes
configure:14769: checking for PAPI_create_eventset in -lpapi
configure:14794: mpicc -o conftest    conftest.c -lpapi  -lc -lm  >&5
"conftest.c", line 39: warning: statement is unreachable
    return 0;
    ^

configure:14794: $? = 0
configure:14803: result: yes
configure:14817: checking for ANSI C header files
configure:14921: result: yes
configure:14932: checking arpa/inet.h usability
configure:14932: mpicc -c   conftest.c >&5
configure:14932: $? = 0
configure:14932: result: yes
configure:14932: checking arpa/inet.h presence
configure:14932: mpicc -E  conftest.c
configure:14932: $? = 0
configure:14932: result: yes
configure:14932: checking for arpa/inet.h
configure:14932: result: yes
configure:14932: checking netdb.h usability
configure:14932: mpicc -c   conftest.c >&5
configure:14932: $? = 0
configure:14932: result: yes
configure:14932: checking netdb.h presence
configure:14932: mpicc -E  conftest.c
configure:14932: $? = 0
configure:14932: result: yes
configure:14932: checking for netdb.h
configure:14932: result: yes
configure:14932: checking netinet/in.h usability
configure:14932: mpicc -c   conftest.c >&5
configure:14932: $? = 0
configure:14932: result: yes
configure:14932: checking netinet/in.h presence
configure:14932: mpicc -E  conftest.c
configure:14932: $? = 0
configure:14932: result: yes
configure:14932: checking for netinet/in.h
configure:14932: result: yes
configure:14932: checking for stdlib.h
configure:14932: result: yes
configure:14932: checking sys/ioctl.h usability
configure:14932: mpicc -c   conftest.c >&5
configure:14932: $? = 0
configure:14932: result: yes
configure:14932: checking sys/ioctl.h presence
configure:14932: mpicc -E  conftest.c
configure:14932: $? = 0
configure:14932: result: yes
configure:14932: checking for sys/ioctl.h
configure:14932: result: yes
configure:14932: checking sys/socket.h usability
configure:14932: mpicc -c   conftest.c >&5
configure:14932: $? = 0
configure:14932: result: yes
configure:14932: checking sys/socket.h presence
configure:14932: mpicc -E  conftest.c
configure:14932: $? = 0
configure:14932: result: yes
configure:14932: checking for sys/socket.h
configure:14932: result: yes
configure:14932: checking sys/time.h usability
configure:14932: mpicc -c   conftest.c >&5
configure:14932: $? = 0
configure:14932: result: yes
configure:14932: checking sys/time.h presence
configure:14932: mpicc -E  conftest.c
configure:14932: $? = 0
configure:14932: result: yes
configure:14932: checking for sys/time.h
configure:14932: result: yes
configure:14932: checking for unistd.h
configure:14932: result: yes
configure:14932: checking papi.h usability
configure:14932: mpicc -c   conftest.c >&5
configure:14932: $? = 0
configure:14932: result: yes
configure:14932: checking papi.h presence
configure:14932: mpicc -E  conftest.c
configure:14932: $? = 0
configure:14932: result: yes
configure:14932: checking for papi.h
configure:14932: result: yes
configure:14945: checking malloc.h usability
configure:14945: mpicc -c   conftest.c >&5
configure:14945: $? = 0
configure:14945: result: yes
configure:14945: checking malloc.h presence
configure:14945: mpicc -E  conftest.c
configure:14945: $? = 0
configure:14945: result: yes
configure:14945: checking for malloc.h
configure:14945: result: yes
configure:14957: checking getopt.h usability
configure:14957: mpicc -c   conftest.c >&5
configure:14957: $? = 0
configure:14957: result: yes
configure:14957: checking getopt.h presence
configure:14957: mpicc -E  conftest.c
configure:14957: $? = 0
configure:14957: result: yes
configure:14957: checking for getopt.h
configure:14957: result: yes
configure:14969: checking for stdlib.h
configure:14969: result: yes
configure:14982: checking netinet/ether.h usability
configure:14982: mpicc -c   conftest.c >&5
configure:14982: $? = 0
configure:14982: result: yes
configure:14982: checking netinet/ether.h presence
configure:14982: mpicc -E  conftest.c
configure:14982: $? = 0
configure:14982: result: yes
configure:14982: checking for netinet/ether.h
configure:14982: result: yes
configure:14995: checking for sys/types.h
configure:14995: result: yes
configure:14995: checking for sys/socket.h
configure:14995: result: yes
configure:14995: checking net/ethernet.h usability
configure:14995: mpicc -c   conftest.c >&5
configure:14995: $? = 0
configure:14995: result: yes
configure:14995: checking net/ethernet.h presence
configure:14995: mpicc -E  conftest.c
configure:14995: $? = 0
configure:14995: result: yes
configure:14995: checking for net/ethernet.h
configure:14995: result: yes
configure:14995: checking netinet/if_ether.h usability
configure:14995: mpicc -c   conftest.c >&5
configure:14995: $? = 0
configure:14995: result: yes
configure:14995: checking netinet/if_ether.h presence
configure:14995: mpicc -E  conftest.c
configure:14995: $? = 0
configure:14995: result: yes
configure:14995: checking for netinet/if_ether.h
configure:14995: result: yes
configure:15007: checking linux/if_packet.h usability
configure:15007: mpicc -c   conftest.c >&5
configure:15007: $? = 0
configure:15007: result: yes
configure:15007: checking linux/if_packet.h presence
configure:15007: mpicc -E  conftest.c
configure:15007: $? = 0
configure:15007: result: yes
configure:15007: checking for linux/if_packet.h
configure:15007: result: yes
configure:15019: checking for an ANSI C-conforming const
configure:15085: mpicc -c   conftest.c >&5
"conftest.c", line 102: warning: statement is unreachable
    return 0;
    ^

configure:15085: $? = 0
configure:15092: result: yes
configure:15100: checking for inline
configure:15116: mpicc -c   conftest.c >&5
"conftest.c", line 48: warning: function "static_foo" was declared but never referenced
  static inline foo_t static_foo () {return 0; }
                      ^

configure:15116: $? = 0
configure:15124: result: inline
configure:15142: checking whether time.h and sys/time.h may both be included
configure:15162: mpicc -c   conftest.c >&5
configure:15162: $? = 0
configure:15169: result: yes
configure:15180: checking whether mpicc needs -traditional
configure:15214: result: no
configure:15223: checking for stdlib.h
configure:15223: result: yes
configure:15233: checking for GNU libc compatible malloc
configure:15257: mpicc -o conftest    -L/usr/local/lib64 conftest.c -lpapi -lc -lm  >&5
"conftest.c", line 59: warning: statement is unreachable
    return 0;
    ^

configure:15257: $? = 0
configure:15257: ./conftest
configure:15257: $? = 0
configure:15267: result: yes
configure:15288: checking for working memcmp
configure:15331: mpicc -o conftest    -L/usr/local/lib64 conftest.c -lpapi -lc -lm  >&5
"conftest.c", line 111: warning: statement is unreachable
    return 0;
    ^

configure:15331: $? = 0
configure:15331: ./conftest
configure:15331: $? = 0
configure:15341: result: yes
configure:15352: checking for stdlib.h
configure:15352: result: yes
configure:15362: checking for GNU libc compatible realloc
configure:15386: mpicc -o conftest    -L/usr/local/lib64 conftest.c -lpapi -lc -lm  >&5
"conftest.c", line 61: warning: statement is unreachable
    return 0;
    ^

configure:15386: $? = 0
configure:15386: ./conftest
configure:15386: $? = 0
configure:15396: result: yes
configure:15417: checking return type of signal handlers
configure:15435: mpicc -c   conftest.c >&5
"conftest.c", line 57: error: operand of "*" must be a pointer but has type "void"
  return *(signal (0, 0)) (0) == 1;
          ^

"conftest.c", line 59: warning: statement is unreachable
    return 0;
    ^

1 error detected in the compilation of "conftest.c".
configure:15435: $? = 2
configure: failed program was:
| /* confdefs.h */
| #define PACKAGE_NAME "netgauge"
| #define PACKAGE_TARNAME "netgauge"
| #define PACKAGE_VERSION "2.4.6"
| #define PACKAGE_STRING "netgauge 2.4.6"
| #define PACKAGE_BUGREPORT "htor@cs.indiana.edu"
| #define PACKAGE_URL ""
| #define PACKAGE "netgauge"
| #define VERSION "2.4.6"
| #define NG_MPI 1
| #define STDC_HEADERS 1
| #define HAVE_SYS_TYPES_H 1
| #define HAVE_SYS_STAT_H 1
| #define HAVE_STDLIB_H 1
| #define HAVE_STRING_H 1
| #define HAVE_MEMORY_H 1
| #define HAVE_STRINGS_H 1
| #define HAVE_INTTYPES_H 1
| #define HAVE_STDINT_H 1
| #define HAVE_UNISTD_H 1
| #define HAVE_DLFCN_H 1
| #define LT_OBJDIR ".libs/"
| #define HAVE_LIBM 1
| #define HAVE_LIBC 1
| #define HAVE_LIBPAPI 1
| #define STDC_HEADERS 1
| #define HAVE_ARPA_INET_H 1
| #define HAVE_NETDB_H 1
| #define HAVE_NETINET_IN_H 1
| #define HAVE_STDLIB_H 1
| #define HAVE_SYS_IOCTL_H 1
| #define HAVE_SYS_SOCKET_H 1
| #define HAVE_SYS_TIME_H 1
| #define HAVE_UNISTD_H 1
| #define HAVE_PAPI_H 1
| #define HAVE_MALLOC_H 1
| #define HAVE_GETOPT_H 1
| #define HAVE_STDLIB_H 1
| #define HAVE_NETINET_ETHER_H 1
| #define HAVE_SYS_TYPES_H 1
| #define HAVE_SYS_SOCKET_H 1
| #define HAVE_NET_ETHERNET_H 1
| #define HAVE_NETINET_IF_ETHER_H 1
| #define HAVE_LINUX_IF_PACKET_H 1
| #define TIME_WITH_SYS_TIME 1
| #define HAVE_STDLIB_H 1
| #define HAVE_MALLOC 1
| #define HAVE_STDLIB_H 1
| #define HAVE_REALLOC 1
| /* end confdefs.h.  */
| #include <sys/types.h>
| #include <signal.h>
| 
| int
| main ()
| {
| return *(signal (0, 0)) (0) == 1;
|   ;
|   return 0;
| }
configure:15442: result: void
configure:15452: checking for vprintf
configure:15452: mpicc -o conftest    -L/usr/local/lib64 conftest.c -lpapi -lc -lm  >&5
"conftest.c", line 88: warning: statement is unreachable
    return 0;
    ^

configure:15452: $? = 0
configure:15452: result: yes
configure:15458: checking for _doprnt
configure:15458: mpicc -o conftest    -L/usr/local/lib64 conftest.c -lpapi -lc -lm  >&5
"conftest.c", line 89: warning: statement is unreachable
    return 0;
    ^

/tmp/nvcj8VgfB5fByTlQ.o: In function `main':
/home/ldai8/software/Netgauge/conftest.c:87: undefined reference to `_doprnt'
configure:15458: $? = 2
configure: failed program was:
| /* confdefs.h */
| #define PACKAGE_NAME "netgauge"
| #define PACKAGE_TARNAME "netgauge"
| #define PACKAGE_VERSION "2.4.6"
| #define PACKAGE_STRING "netgauge 2.4.6"
| #define PACKAGE_BUGREPORT "htor@cs.indiana.edu"
| #define PACKAGE_URL ""
| #define PACKAGE "netgauge"
| #define VERSION "2.4.6"
| #define NG_MPI 1
| #define STDC_HEADERS 1
| #define HAVE_SYS_TYPES_H 1
| #define HAVE_SYS_STAT_H 1
| #define HAVE_STDLIB_H 1
| #define HAVE_STRING_H 1
| #define HAVE_MEMORY_H 1
| #define HAVE_STRINGS_H 1
| #define HAVE_INTTYPES_H 1
| #define HAVE_STDINT_H 1
| #define HAVE_UNISTD_H 1
| #define HAVE_DLFCN_H 1
| #define LT_OBJDIR ".libs/"
| #define HAVE_LIBM 1
| #define HAVE_LIBC 1
| #define HAVE_LIBPAPI 1
| #define STDC_HEADERS 1
| #define HAVE_ARPA_INET_H 1
| #define HAVE_NETDB_H 1
| #define HAVE_NETINET_IN_H 1
| #define HAVE_STDLIB_H 1
| #define HAVE_SYS_IOCTL_H 1
| #define HAVE_SYS_SOCKET_H 1
| #define HAVE_SYS_TIME_H 1
| #define HAVE_UNISTD_H 1
| #define HAVE_PAPI_H 1
| #define HAVE_MALLOC_H 1
| #define HAVE_GETOPT_H 1
| #define HAVE_STDLIB_H 1
| #define HAVE_NETINET_ETHER_H 1
| #define HAVE_SYS_TYPES_H 1
| #define HAVE_SYS_SOCKET_H 1
| #define HAVE_NET_ETHERNET_H 1
| #define HAVE_NETINET_IF_ETHER_H 1
| #define HAVE_LINUX_IF_PACKET_H 1
| #define TIME_WITH_SYS_TIME 1
| #define HAVE_STDLIB_H 1
| #define HAVE_MALLOC 1
| #define HAVE_STDLIB_H 1
| #define HAVE_REALLOC 1
| #define RETSIGTYPE void
| #define HAVE_VPRINTF 1
| /* end confdefs.h.  */
| /* Define _doprnt to an innocuous variant, in case <limits.h> declares _doprnt.
|    For example, HP-UX 11i <limits.h> declares gettimeofday.  */
| #define _doprnt innocuous__doprnt
| 
| /* System header to define __stub macros and hopefully few prototypes,
|     which can conflict with char _doprnt (); below.
|     Prefer <limits.h> to <assert.h> if __STDC__ is defined, since
|     <limits.h> exists even on freestanding compilers.  */
| 
| #ifdef __STDC__
| # include <limits.h>
| #else
| # include <assert.h>
| #endif
| 
| #undef _doprnt
| 
| /* Override any GCC internal prototype to avoid an error.
|    Use char because int might match the return type of a GCC
|    builtin and then its argument prototype would still apply.  */
| #ifdef __cplusplus
| extern "C"
| #endif
| char _doprnt ();
| /* The GNU C library defines this for functions which it implements
|     to always fail with ENOSYS.  Some functions are actually named
|     something starting with __ and the normal name is an alias.  */
| #if defined __stub__doprnt || defined __stub____doprnt
| choke me
| #endif
| 
| int
| main ()
| {
| return _doprnt ();
|   ;
|   return 0;
| }
configure:15458: result: no
configure:15472: checking for gethostbyname
configure:15472: mpicc -o conftest    -L/usr/local/lib64 conftest.c -lpapi -lc -lm  >&5
"conftest.c", line 89: warning: statement is unreachable
    return 0;
    ^

configure:15472: $? = 0
configure:15472: result: yes
configure:15472: checking for gettimeofday
configure:15472: mpicc -o conftest    -L/usr/local/lib64 conftest.c -lpapi -lc -lm  >&5
"conftest.c", line 90: warning: statement is unreachable
    return 0;
    ^

configure:15472: $? = 0
configure:15472: result: yes
configure:15472: checking for inet_ntoa
configure:15472: mpicc -o conftest    -L/usr/local/lib64 conftest.c -lpapi -lc -lm  >&5
"conftest.c", line 91: warning: statement is unreachable
    return 0;
    ^

configure:15472: $? = 0
configure:15472: result: yes
configure:15472: checking for memset
configure:15472: mpicc -o conftest    -L/usr/local/lib64 conftest.c -lpapi -lc -lm  >&5
"conftest.c", line 92: warning: statement is unreachable
    return 0;
    ^

configure:15472: $? = 0
configure:15472: result: yes
configure:15472: checking for pow
configure:15472: mpicc -o conftest    -L/usr/local/lib64 conftest.c -lpapi -lc -lm  >&5
"conftest.c", line 93: warning: statement is unreachable
    return 0;
    ^

configure:15472: $? = 0
configure:15472: result: yes
configure:15472: checking for socket
configure:15472: mpicc -o conftest    -L/usr/local/lib64 conftest.c -lpapi -lc -lm  >&5
"conftest.c", line 94: warning: statement is unreachable
    return 0;
    ^

configure:15472: $? = 0
configure:15472: result: yes
configure:15472: checking for sqrt
configure:15472: mpicc -o conftest    -L/usr/local/lib64 conftest.c -lpapi -lc -lm  >&5
"conftest.c", line 95: warning: statement is unreachable
    return 0;
    ^

configure:15472: $? = 0
configure:15472: result: yes
configure:15472: checking for strchr
configure:15472: mpicc -o conftest    -L/usr/local/lib64 conftest.c -lpapi -lc -lm  >&5
"conftest.c", line 96: warning: statement is unreachable
    return 0;
    ^

configure:15472: $? = 0
configure:15472: result: yes
configure:15472: checking for strstr
configure:15472: mpicc -o conftest    -L/usr/local/lib64 conftest.c -lpapi -lc -lm  >&5
"conftest.c", line 97: warning: statement is unreachable
    return 0;
    ^

configure:15472: $? = 0
configure:15472: result: yes
configure:15472: checking for sysctl
configure:15472: mpicc -o conftest    -L/usr/local/lib64 conftest.c -lpapi -lc -lm  >&5
"conftest.c", line 98: warning: statement is unreachable
    return 0;
    ^

configure:15472: $? = 0
configure:15472: result: yes
configure:15483: checking Linux CPU affinity
configure:15514: mpicc -o conftest    -L/usr/local/lib64 conftest.c -lpapi -lc -lm  >&5
"conftest.c", line 81: warning: statement is unreachable
    return 0;
    ^

configure:15514: $? = 0
configure:15514: ./conftest
configure:15514: $? = 1
configure: program exited with status 1
configure: failed program was:
| /* confdefs.h */
| #define PACKAGE_NAME "netgauge"
| #define PACKAGE_TARNAME "netgauge"
| #define PACKAGE_VERSION "2.4.6"
| #define PACKAGE_STRING "netgauge 2.4.6"
| #define PACKAGE_BUGREPORT "htor@cs.indiana.edu"
| #define PACKAGE_URL ""
| #define PACKAGE "netgauge"
| #define VERSION "2.4.6"
| #define NG_MPI 1
| #define STDC_HEADERS 1
| #define HAVE_SYS_TYPES_H 1
| #define HAVE_SYS_STAT_H 1
| #define HAVE_STDLIB_H 1
| #define HAVE_STRING_H 1
| #define HAVE_MEMORY_H 1
| #define HAVE_STRINGS_H 1
| #define HAVE_INTTYPES_H 1
| #define HAVE_STDINT_H 1
| #define HAVE_UNISTD_H 1
| #define HAVE_DLFCN_H 1
| #define LT_OBJDIR ".libs/"
| #define HAVE_LIBM 1
| #define HAVE_LIBC 1
| #define HAVE_LIBPAPI 1
| #define STDC_HEADERS 1
| #define HAVE_ARPA_INET_H 1
| #define HAVE_NETDB_H 1
| #define HAVE_NETINET_IN_H 1
| #define HAVE_STDLIB_H 1
| #define HAVE_SYS_IOCTL_H 1
| #define HAVE_SYS_SOCKET_H 1
| #define HAVE_SYS_TIME_H 1
| #define HAVE_UNISTD_H 1
| #define HAVE_PAPI_H 1
| #define HAVE_MALLOC_H 1
| #define HAVE_GETOPT_H 1
| #define HAVE_STDLIB_H 1
| #define HAVE_NETINET_ETHER_H 1
| #define HAVE_SYS_TYPES_H 1
| #define HAVE_SYS_SOCKET_H 1
| #define HAVE_NET_ETHERNET_H 1
| #define HAVE_NETINET_IF_ETHER_H 1
| #define HAVE_LINUX_IF_PACKET_H 1
| #define TIME_WITH_SYS_TIME 1
| #define HAVE_STDLIB_H 1
| #define HAVE_MALLOC 1
| #define HAVE_STDLIB_H 1
| #define HAVE_REALLOC 1
| #define RETSIGTYPE void
| #define HAVE_VPRINTF 1
| #define HAVE_GETHOSTBYNAME 1
| #define HAVE_GETTIMEOFDAY 1
| #define HAVE_INET_NTOA 1
| #define HAVE_MEMSET 1
| #define HAVE_POW 1
| #define HAVE_SOCKET 1
| #define HAVE_SQRT 1
| #define HAVE_STRCHR 1
| #define HAVE_STRSTR 1
| #define HAVE_SYSCTL 1
| /* end confdefs.h.  */
| 
| #define __USE_GNU
| #define _GNU_SOURCE
| #include <sched.h>
| 
| int
| main ()
| {
| 
|   cpu_set_t mask;
|   CPU_ZERO(&mask);
|   CPU_SET(0, &mask);
|   if (sched_setaffinity(0, sizeof(mask), &mask) != 0) {
|     return 1;
|   }
|   return 0;
| 
|   ;
|   return 0;
| }
configure:15524: result: no
configure:15534: **** checking for available high precision timers ****
configure:15544: checking if x86_64 (HRT_ARCH 2) assembler portion compiles
configure:15568: mpicc -c   conftest.c >&5
"conftest.c", line 73: warning: variable "freq" was set but never used
  unsigned long long freq;
                     ^

configure:15568: $? = 0
configure:15570: result: yes
configure:15585: found x86_64
configure:15992: **** checking for various network APIs ****
configure:16023: checking armci.h usability
configure:16023: mpicc -c   conftest.c >&5
"conftest.c", line 98: catastrophic error: cannot open source file "armci.h"
  #include <armci.h>
                    ^

1 catastrophic error detected in the compilation of "conftest.c".
Compilation terminated.
configure:16023: $? = 2
configure: failed program was:
| /* confdefs.h */
| #define PACKAGE_NAME "netgauge"
| #define PACKAGE_TARNAME "netgauge"
| #define PACKAGE_VERSION "2.4.6"
| #define PACKAGE_STRING "netgauge 2.4.6"
| #define PACKAGE_BUGREPORT "htor@cs.indiana.edu"
| #define PACKAGE_URL ""
| #define PACKAGE "netgauge"
| #define VERSION "2.4.6"
| #define NG_MPI 1
| #define STDC_HEADERS 1
| #define HAVE_SYS_TYPES_H 1
| #define HAVE_SYS_STAT_H 1
| #define HAVE_STDLIB_H 1
| #define HAVE_STRING_H 1
| #define HAVE_MEMORY_H 1
| #define HAVE_STRINGS_H 1
| #define HAVE_INTTYPES_H 1
| #define HAVE_STDINT_H 1
| #define HAVE_UNISTD_H 1
| #define HAVE_DLFCN_H 1
| #define LT_OBJDIR ".libs/"
| #define HAVE_LIBM 1
| #define HAVE_LIBC 1
| #define HAVE_LIBPAPI 1
| #define STDC_HEADERS 1
| #define HAVE_ARPA_INET_H 1
| #define HAVE_NETDB_H 1
| #define HAVE_NETINET_IN_H 1
| #define HAVE_STDLIB_H 1
| #define HAVE_SYS_IOCTL_H 1
| #define HAVE_SYS_SOCKET_H 1
| #define HAVE_SYS_TIME_H 1
| #define HAVE_UNISTD_H 1
| #define HAVE_PAPI_H 1
| #define HAVE_MALLOC_H 1
| #define HAVE_GETOPT_H 1
| #define HAVE_STDLIB_H 1
| #define HAVE_NETINET_ETHER_H 1
| #define HAVE_SYS_TYPES_H 1
| #define HAVE_SYS_SOCKET_H 1
| #define HAVE_NET_ETHERNET_H 1
| #define HAVE_NETINET_IF_ETHER_H 1
| #define HAVE_LINUX_IF_PACKET_H 1
| #define TIME_WITH_SYS_TIME 1
| #define HAVE_STDLIB_H 1
| #define HAVE_MALLOC 1
| #define HAVE_STDLIB_H 1
| #define HAVE_REALLOC 1
| #define RETSIGTYPE void
| #define HAVE_VPRINTF 1
| #define HAVE_GETHOSTBYNAME 1
| #define HAVE_GETTIMEOFDAY 1
| #define HAVE_INET_NTOA 1
| #define HAVE_MEMSET 1
| #define HAVE_POW 1
| #define HAVE_SOCKET 1
| #define HAVE_SQRT 1
| #define HAVE_STRCHR 1
| #define HAVE_STRSTR 1
| #define HAVE_SYSCTL 1
| #define HRT_ARCH 2
| #define HRT_RESOLUTION 1995452700
| /* end confdefs.h.  */
| #include <stdio.h>
| #ifdef HAVE_SYS_TYPES_H
| # include <sys/types.h>
| #endif
| #ifdef HAVE_SYS_STAT_H
| # include <sys/stat.h>
| #endif
| #ifdef STDC_HEADERS
| # include <stdlib.h>
| # include <stddef.h>
| #else
| # ifdef HAVE_STDLIB_H
| #  include <stdlib.h>
| # endif
| #endif
| #ifdef HAVE_STRING_H
| # if !defined STDC_HEADERS && defined HAVE_MEMORY_H
| #  include <memory.h>
| # endif
| # include <string.h>
| #endif
| #ifdef HAVE_STRINGS_H
| # include <strings.h>
| #endif
| #ifdef HAVE_INTTYPES_H
| # include <inttypes.h>
| #endif
| #ifdef HAVE_STDINT_H
| # include <stdint.h>
| #endif
| #ifdef HAVE_UNISTD_H
| # include <unistd.h>
| #endif
| #include <armci.h>
configure:16023: result: no
configure:16023: checking armci.h presence
configure:16023: mpicc -E  conftest.c
"conftest.c", line 65: error: cannot open source file "armci.h"
  #include <armci.h>
                    ^

1 error detected in the compilation of "conftest.c".
configure:16023: $? = 2
configure: failed program was:
| /* confdefs.h */
| #define PACKAGE_NAME "netgauge"
| #define PACKAGE_TARNAME "netgauge"
| #define PACKAGE_VERSION "2.4.6"
| #define PACKAGE_STRING "netgauge 2.4.6"
| #define PACKAGE_BUGREPORT "htor@cs.indiana.edu"
| #define PACKAGE_URL ""
| #define PACKAGE "netgauge"
| #define VERSION "2.4.6"
| #define NG_MPI 1
| #define STDC_HEADERS 1
| #define HAVE_SYS_TYPES_H 1
| #define HAVE_SYS_STAT_H 1
| #define HAVE_STDLIB_H 1
| #define HAVE_STRING_H 1
| #define HAVE_MEMORY_H 1
| #define HAVE_STRINGS_H 1
| #define HAVE_INTTYPES_H 1
| #define HAVE_STDINT_H 1
| #define HAVE_UNISTD_H 1
| #define HAVE_DLFCN_H 1
| #define LT_OBJDIR ".libs/"
| #define HAVE_LIBM 1
| #define HAVE_LIBC 1
| #define HAVE_LIBPAPI 1
| #define STDC_HEADERS 1
| #define HAVE_ARPA_INET_H 1
| #define HAVE_NETDB_H 1
| #define HAVE_NETINET_IN_H 1
| #define HAVE_STDLIB_H 1
| #define HAVE_SYS_IOCTL_H 1
| #define HAVE_SYS_SOCKET_H 1
| #define HAVE_SYS_TIME_H 1
| #define HAVE_UNISTD_H 1
| #define HAVE_PAPI_H 1
| #define HAVE_MALLOC_H 1
| #define HAVE_GETOPT_H 1
| #define HAVE_STDLIB_H 1
| #define HAVE_NETINET_ETHER_H 1
| #define HAVE_SYS_TYPES_H 1
| #define HAVE_SYS_SOCKET_H 1
| #define HAVE_NET_ETHERNET_H 1
| #define HAVE_NETINET_IF_ETHER_H 1
| #define HAVE_LINUX_IF_PACKET_H 1
| #define TIME_WITH_SYS_TIME 1
| #define HAVE_STDLIB_H 1
| #define HAVE_MALLOC 1
| #define HAVE_STDLIB_H 1
| #define HAVE_REALLOC 1
| #define RETSIGTYPE void
| #define HAVE_VPRINTF 1
| #define HAVE_GETHOSTBYNAME 1
| #define HAVE_GETTIMEOFDAY 1
| #define HAVE_INET_NTOA 1
| #define HAVE_MEMSET 1
| #define HAVE_POW 1
| #define HAVE_SOCKET 1
| #define HAVE_SQRT 1
| #define HAVE_STRCHR 1
| #define HAVE_STRSTR 1
| #define HAVE_SYSCTL 1
| #define HRT_ARCH 2
| #define HRT_RESOLUTION 1995452700
| /* end confdefs.h.  */
| #include <armci.h>
configure:16023: result: no
configure:16023: checking for armci.h
configure:16023: result: no
configure:16027: ARMCI support disabled
configure:16160: with_ofed = 
configure:16186: checking infiniband/verbs.h usability
configure:16186: mpicc -c   conftest.c >&5
configure:16186: $? = 0
configure:16186: result: yes
configure:16186: checking infiniband/verbs.h presence
configure:16186: mpicc -E  conftest.c
configure:16186: $? = 0
configure:16186: result: yes
configure:16186: checking for infiniband/verbs.h
configure:16186: result: yes
configure:16201: OFED support enabled
configure:16281: checking sisci_api.h usability
configure:16281: mpicc -c   conftest.c >&5
"conftest.c", line 99: catastrophic error: cannot open source file "sisci_api.h"
  #include <sisci_api.h>
                        ^

1 catastrophic error detected in the compilation of "conftest.c".
Compilation terminated.
configure:16281: $? = 2
configure: failed program was:
| /* confdefs.h */
| #define PACKAGE_NAME "netgauge"
| #define PACKAGE_TARNAME "netgauge"
| #define PACKAGE_VERSION "2.4.6"
| #define PACKAGE_STRING "netgauge 2.4.6"
| #define PACKAGE_BUGREPORT "htor@cs.indiana.edu"
| #define PACKAGE_URL ""
| #define PACKAGE "netgauge"
| #define VERSION "2.4.6"
| #define NG_MPI 1
| #define STDC_HEADERS 1
| #define HAVE_SYS_TYPES_H 1
| #define HAVE_SYS_STAT_H 1
| #define HAVE_STDLIB_H 1
| #define HAVE_STRING_H 1
| #define HAVE_MEMORY_H 1
| #define HAVE_STRINGS_H 1
| #define HAVE_INTTYPES_H 1
| #define HAVE_STDINT_H 1
| #define HAVE_UNISTD_H 1
| #define HAVE_DLFCN_H 1
| #define LT_OBJDIR ".libs/"
| #define HAVE_LIBM 1
| #define HAVE_LIBC 1
| #define HAVE_LIBPAPI 1
| #define STDC_HEADERS 1
| #define HAVE_ARPA_INET_H 1
| #define HAVE_NETDB_H 1
| #define HAVE_NETINET_IN_H 1
| #define HAVE_STDLIB_H 1
| #define HAVE_SYS_IOCTL_H 1
| #define HAVE_SYS_SOCKET_H 1
| #define HAVE_SYS_TIME_H 1
| #define HAVE_UNISTD_H 1
| #define HAVE_PAPI_H 1
| #define HAVE_MALLOC_H 1
| #define HAVE_GETOPT_H 1
| #define HAVE_STDLIB_H 1
| #define HAVE_NETINET_ETHER_H 1
| #define HAVE_SYS_TYPES_H 1
| #define HAVE_SYS_SOCKET_H 1
| #define HAVE_NET_ETHERNET_H 1
| #define HAVE_NETINET_IF_ETHER_H 1
| #define HAVE_LINUX_IF_PACKET_H 1
| #define TIME_WITH_SYS_TIME 1
| #define HAVE_STDLIB_H 1
| #define HAVE_MALLOC 1
| #define HAVE_STDLIB_H 1
| #define HAVE_REALLOC 1
| #define RETSIGTYPE void
| #define HAVE_VPRINTF 1
| #define HAVE_GETHOSTBYNAME 1
| #define HAVE_GETTIMEOFDAY 1
| #define HAVE_INET_NTOA 1
| #define HAVE_MEMSET 1
| #define HAVE_POW 1
| #define HAVE_SOCKET 1
| #define HAVE_SQRT 1
| #define HAVE_STRCHR 1
| #define HAVE_STRSTR 1
| #define HAVE_SYSCTL 1
| #define HRT_ARCH 2
| #define HRT_RESOLUTION 1995452700
| #define NG_OFED 1
| /* end confdefs.h.  */
| #include <stdio.h>
| #ifdef HAVE_SYS_TYPES_H
| # include <sys/types.h>
| #endif
| #ifdef HAVE_SYS_STAT_H
| # include <sys/stat.h>
| #endif
| #ifdef STDC_HEADERS
| # include <stdlib.h>
| # include <stddef.h>
| #else
| # ifdef HAVE_STDLIB_H
| #  include <stdlib.h>
| # endif
| #endif
| #ifdef HAVE_STRING_H
| # if !defined STDC_HEADERS && defined HAVE_MEMORY_H
| #  include <memory.h>
| # endif
| # include <string.h>
| #endif
| #ifdef HAVE_STRINGS_H
| # include <strings.h>
| #endif
| #ifdef HAVE_INTTYPES_H
| # include <inttypes.h>
| #endif
| #ifdef HAVE_STDINT_H
| # include <stdint.h>
| #endif
| #ifdef HAVE_UNISTD_H
| # include <unistd.h>
| #endif
| #include <sisci_api.h>
configure:16281: result: no
configure:16281: checking sisci_api.h presence
configure:16281: mpicc -E  conftest.c
"conftest.c", line 66: error: cannot open source file "sisci_api.h"
  #include <sisci_api.h>
                        ^

1 error detected in the compilation of "conftest.c".
configure:16281: $? = 2
configure: failed program was:
| /* confdefs.h */
| #define PACKAGE_NAME "netgauge"
| #define PACKAGE_TARNAME "netgauge"
| #define PACKAGE_VERSION "2.4.6"
| #define PACKAGE_STRING "netgauge 2.4.6"
| #define PACKAGE_BUGREPORT "htor@cs.indiana.edu"
| #define PACKAGE_URL ""
| #define PACKAGE "netgauge"
| #define VERSION "2.4.6"
| #define NG_MPI 1
| #define STDC_HEADERS 1
| #define HAVE_SYS_TYPES_H 1
| #define HAVE_SYS_STAT_H 1
| #define HAVE_STDLIB_H 1
| #define HAVE_STRING_H 1
| #define HAVE_MEMORY_H 1
| #define HAVE_STRINGS_H 1
| #define HAVE_INTTYPES_H 1
| #define HAVE_STDINT_H 1
| #define HAVE_UNISTD_H 1
| #define HAVE_DLFCN_H 1
| #define LT_OBJDIR ".libs/"
| #define HAVE_LIBM 1
| #define HAVE_LIBC 1
| #define HAVE_LIBPAPI 1
| #define STDC_HEADERS 1
| #define HAVE_ARPA_INET_H 1
| #define HAVE_NETDB_H 1
| #define HAVE_NETINET_IN_H 1
| #define HAVE_STDLIB_H 1
| #define HAVE_SYS_IOCTL_H 1
| #define HAVE_SYS_SOCKET_H 1
| #define HAVE_SYS_TIME_H 1
| #define HAVE_UNISTD_H 1
| #define HAVE_PAPI_H 1
| #define HAVE_MALLOC_H 1
| #define HAVE_GETOPT_H 1
| #define HAVE_STDLIB_H 1
| #define HAVE_NETINET_ETHER_H 1
| #define HAVE_SYS_TYPES_H 1
| #define HAVE_SYS_SOCKET_H 1
| #define HAVE_NET_ETHERNET_H 1
| #define HAVE_NETINET_IF_ETHER_H 1
| #define HAVE_LINUX_IF_PACKET_H 1
| #define TIME_WITH_SYS_TIME 1
| #define HAVE_STDLIB_H 1
| #define HAVE_MALLOC 1
| #define HAVE_STDLIB_H 1
| #define HAVE_REALLOC 1
| #define RETSIGTYPE void
| #define HAVE_VPRINTF 1
| #define HAVE_GETHOSTBYNAME 1
| #define HAVE_GETTIMEOFDAY 1
| #define HAVE_INET_NTOA 1
| #define HAVE_MEMSET 1
| #define HAVE_POW 1
| #define HAVE_SOCKET 1
| #define HAVE_SQRT 1
| #define HAVE_STRCHR 1
| #define HAVE_STRSTR 1
| #define HAVE_SYSCTL 1
| #define HRT_ARCH 2
| #define HRT_RESOLUTION 1995452700
| #define NG_OFED 1
| /* end confdefs.h.  */
| #include <sisci_api.h>
configure:16281: result: no
configure:16281: checking for sisci_api.h
configure:16281: result: no
configure:16285: SISCI support disabled
configure:16719: checking myriexpress.h usability
configure:16719: mpicc -c   conftest.c >&5
"conftest.c", line 99: catastrophic error: cannot open source file "myriexpress.h"
  #include <myriexpress.h>
                          ^

1 catastrophic error detected in the compilation of "conftest.c".
Compilation terminated.
configure:16719: $? = 2
configure: failed program was:
| /* confdefs.h */
| #define PACKAGE_NAME "netgauge"
| #define PACKAGE_TARNAME "netgauge"
| #define PACKAGE_VERSION "2.4.6"
| #define PACKAGE_STRING "netgauge 2.4.6"
| #define PACKAGE_BUGREPORT "htor@cs.indiana.edu"
| #define PACKAGE_URL ""
| #define PACKAGE "netgauge"
| #define VERSION "2.4.6"
| #define NG_MPI 1
| #define STDC_HEADERS 1
| #define HAVE_SYS_TYPES_H 1
| #define HAVE_SYS_STAT_H 1
| #define HAVE_STDLIB_H 1
| #define HAVE_STRING_H 1
| #define HAVE_MEMORY_H 1
| #define HAVE_STRINGS_H 1
| #define HAVE_INTTYPES_H 1
| #define HAVE_STDINT_H 1
| #define HAVE_UNISTD_H 1
| #define HAVE_DLFCN_H 1
| #define LT_OBJDIR ".libs/"
| #define HAVE_LIBM 1
| #define HAVE_LIBC 1
| #define HAVE_LIBPAPI 1
| #define STDC_HEADERS 1
| #define HAVE_ARPA_INET_H 1
| #define HAVE_NETDB_H 1
| #define HAVE_NETINET_IN_H 1
| #define HAVE_STDLIB_H 1
| #define HAVE_SYS_IOCTL_H 1
| #define HAVE_SYS_SOCKET_H 1
| #define HAVE_SYS_TIME_H 1
| #define HAVE_UNISTD_H 1
| #define HAVE_PAPI_H 1
| #define HAVE_MALLOC_H 1
| #define HAVE_GETOPT_H 1
| #define HAVE_STDLIB_H 1
| #define HAVE_NETINET_ETHER_H 1
| #define HAVE_SYS_TYPES_H 1
| #define HAVE_SYS_SOCKET_H 1
| #define HAVE_NET_ETHERNET_H 1
| #define HAVE_NETINET_IF_ETHER_H 1
| #define HAVE_LINUX_IF_PACKET_H 1
| #define TIME_WITH_SYS_TIME 1
| #define HAVE_STDLIB_H 1
| #define HAVE_MALLOC 1
| #define HAVE_STDLIB_H 1
| #define HAVE_REALLOC 1
| #define RETSIGTYPE void
| #define HAVE_VPRINTF 1
| #define HAVE_GETHOSTBYNAME 1
| #define HAVE_GETTIMEOFDAY 1
| #define HAVE_INET_NTOA 1
| #define HAVE_MEMSET 1
| #define HAVE_POW 1
| #define HAVE_SOCKET 1
| #define HAVE_SQRT 1
| #define HAVE_STRCHR 1
| #define HAVE_STRSTR 1
| #define HAVE_SYSCTL 1
| #define HRT_ARCH 2
| #define HRT_RESOLUTION 1995452700
| #define NG_OFED 1
| /* end confdefs.h.  */
| #include <stdio.h>
| #ifdef HAVE_SYS_TYPES_H
| # include <sys/types.h>
| #endif
| #ifdef HAVE_SYS_STAT_H
| # include <sys/stat.h>
| #endif
| #ifdef STDC_HEADERS
| # include <stdlib.h>
| # include <stddef.h>
| #else
| # ifdef HAVE_STDLIB_H
| #  include <stdlib.h>
| # endif
| #endif
| #ifdef HAVE_STRING_H
| # if !defined STDC_HEADERS && defined HAVE_MEMORY_H
| #  include <memory.h>
| # endif
| # include <string.h>
| #endif
| #ifdef HAVE_STRINGS_H
| # include <strings.h>
| #endif
| #ifdef HAVE_INTTYPES_H
| # include <inttypes.h>
| #endif
| #ifdef HAVE_STDINT_H
| # include <stdint.h>
| #endif
| #ifdef HAVE_UNISTD_H
| # include <unistd.h>
| #endif
| #include <myriexpress.h>
configure:16719: result: no
configure:16719: checking myriexpress.h presence
configure:16719: mpicc -E  conftest.c
"conftest.c", line 66: error: cannot open source file "myriexpress.h"
  #include <myriexpress.h>
                          ^

1 error detected in the compilation of "conftest.c".
configure:16719: $? = 2
configure: failed program was:
| /* confdefs.h */
| #define PACKAGE_NAME "netgauge"
| #define PACKAGE_TARNAME "netgauge"
| #define PACKAGE_VERSION "2.4.6"
| #define PACKAGE_STRING "netgauge 2.4.6"
| #define PACKAGE_BUGREPORT "htor@cs.indiana.edu"
| #define PACKAGE_URL ""
| #define PACKAGE "netgauge"
| #define VERSION "2.4.6"
| #define NG_MPI 1
| #define STDC_HEADERS 1
| #define HAVE_SYS_TYPES_H 1
| #define HAVE_SYS_STAT_H 1
| #define HAVE_STDLIB_H 1
| #define HAVE_STRING_H 1
| #define HAVE_MEMORY_H 1
| #define HAVE_STRINGS_H 1
| #define HAVE_INTTYPES_H 1
| #define HAVE_STDINT_H 1
| #define HAVE_UNISTD_H 1
| #define HAVE_DLFCN_H 1
| #define LT_OBJDIR ".libs/"
| #define HAVE_LIBM 1
| #define HAVE_LIBC 1
| #define HAVE_LIBPAPI 1
| #define STDC_HEADERS 1
| #define HAVE_ARPA_INET_H 1
| #define HAVE_NETDB_H 1
| #define HAVE_NETINET_IN_H 1
| #define HAVE_STDLIB_H 1
| #define HAVE_SYS_IOCTL_H 1
| #define HAVE_SYS_SOCKET_H 1
| #define HAVE_SYS_TIME_H 1
| #define HAVE_UNISTD_H 1
| #define HAVE_PAPI_H 1
| #define HAVE_MALLOC_H 1
| #define HAVE_GETOPT_H 1
| #define HAVE_STDLIB_H 1
| #define HAVE_NETINET_ETHER_H 1
| #define HAVE_SYS_TYPES_H 1
| #define HAVE_SYS_SOCKET_H 1
| #define HAVE_NET_ETHERNET_H 1
| #define HAVE_NETINET_IF_ETHER_H 1
| #define HAVE_LINUX_IF_PACKET_H 1
| #define TIME_WITH_SYS_TIME 1
| #define HAVE_STDLIB_H 1
| #define HAVE_MALLOC 1
| #define HAVE_STDLIB_H 1
| #define HAVE_REALLOC 1
| #define RETSIGTYPE void
| #define HAVE_VPRINTF 1
| #define HAVE_GETHOSTBYNAME 1
| #define HAVE_GETTIMEOFDAY 1
| #define HAVE_INET_NTOA 1
| #define HAVE_MEMSET 1
| #define HAVE_POW 1
| #define HAVE_SOCKET 1
| #define HAVE_SQRT 1
| #define HAVE_STRCHR 1
| #define HAVE_STRSTR 1
| #define HAVE_SYSCTL 1
| #define HRT_ARCH 2
| #define HRT_RESOLUTION 1995452700
| #define NG_OFED 1
| /* end confdefs.h.  */
| #include <myriexpress.h>
configure:16719: result: no
configure:16719: checking for myriexpress.h
configure:16719: result: no
configure:16723: Myrinet/MX support disabled
configure:16746: **** checking if Netgauge modules compile ****
configure:16749: checking module TCP
configure:16758: mpicc -c   conftest.c >&5
configure:16758: $? = 0
configure:16760: result: yes
configure:16775: checking module UDP
configure:16784: mpicc -c   conftest.c >&5
configure:16784: $? = 0
configure:16786: result: yes
configure:16801: checking module MPI
configure:16810: mpicc -c   conftest.c >&5
configure:16810: $? = 0
configure:16812: result: yes
configure:16827: checking module ENET-EDP
configure:16836: mpicc -c   conftest.c >&5
"mod_enet_edp.c", line 84: warning: variable "option_index" was declared but never referenced
     int option_index = 0;
         ^

"mod_enet_edp.c", line 290: warning: statement is unreachable
     return 0;
     ^

configure:16836: $? = 0
configure:16838: result: yes
configure:16853: checking module ENET-ESP
configure:16862: mpicc -c   conftest.c >&5
"mod_enet_esp.c", line 109: warning: variable "option_index" was declared but never referenced
     int option_index = 0;
         ^

configure:16862: $? = 0
configure:16864: result: yes
configure:16879: checking module ETH
configure:16888: mpicc -c   conftest.c >&5
configure:16888: $? = 0
configure:16890: result: yes
configure:16905: checking module ARMCI
configure:16914: mpicc -c   conftest.c >&5
configure:16914: $? = 0
configure:16916: result: yes
configure:16931: checking module LIBOF
configure:16940: mpicc -c   conftest.c >&5
"mod_libof.c", line 14: error: expected a declaration
  -> this module is manually disabled (this message will thrown a compile error which disables the module)
  ^

"mod_libof.c", line 17: warning: parsing restarts here after previous syntax error
  typedef void* OF_Request; 
                          ^

"mod_libof.c", line 18: error: identifier "OF_Request" is undefined
  int OF_Testall(int count, OF_Request *requests, int *flag);
                            ^

"mod_libof.c", line 19: error: identifier "OF_Request" is undefined
  int OF_Test(OF_Request *request);
              ^

"mod_libof.c", line 20: error: identifier "OF_Request" is undefined
  int OF_Wait(OF_Request *request);
              ^

"mod_libof.c", line 21: error: identifier "OF_Request" is undefined
  int OF_Waitall(int count, OF_Request *requests);
                            ^

"mod_libof.c", line 22: error: identifier "OF_Request" is undefined
  int OF_Isend(void *buf, int count, MPI_Datatype type, int dst, int tag, MPI_Comm comm, OF_Request *request);
                                                                                         ^

"mod_libof.c", line 23: error: identifier "OF_Request" is undefined
  int OF_Irecv(void *buf, int count, MPI_Datatype type, int src, int tag, MPI_Comm comm, OF_Request *request);
                                                                                         ^

"mod_libof.c", line 79: error: identifier "OF_Request" is undefined
    OF_Request req;
    ^

"mod_libof.c", line 86: error: identifier "OF_Request" is undefined
    OF_Request *ofreq;
    ^

"mod_libof.c", line 86: error: identifier "ofreq" is undefined
    OF_Request *ofreq;
                ^

"mod_libof.c", line 98: error: identifier "OF_Request" is undefined
    OF_Request *ofreq;
    ^

"mod_libof.c", line 98: error: identifier "ofreq" is undefined
    OF_Request *ofreq;
                ^

"mod_libof.c", line 110: error: identifier "OF_Request" is undefined
    OF_Request *ofreq;
    ^

"mod_libof.c", line 110: error: identifier "ofreq" is undefined
    OF_Request *ofreq;
                ^

"mod_libof.c", line 116: error: expected an expression
    ofreq = (OF_Request*)*req;
                        ^

"mod_libof.c", line 116: error: expression must have arithmetic type
    ofreq = (OF_Request*)*req;
                          ^

"mod_libof.c", line 128: error: identifier "OF_Request" is undefined
    OF_Request req;
    ^

17 errors detected in the compilation of "conftest.c".
configure:16940: $? = 2
configure: failed program was:
| /* confdefs.h */
| #define PACKAGE_NAME "netgauge"
| #define PACKAGE_TARNAME "netgauge"
| #define PACKAGE_VERSION "2.4.6"
| #define PACKAGE_STRING "netgauge 2.4.6"
| #define PACKAGE_BUGREPORT "htor@cs.indiana.edu"
| #define PACKAGE_URL ""
| #define PACKAGE "netgauge"
| #define VERSION "2.4.6"
| #define NG_MPI 1
| #define STDC_HEADERS 1
| #define HAVE_SYS_TYPES_H 1
| #define HAVE_SYS_STAT_H 1
| #define HAVE_STDLIB_H 1
| #define HAVE_STRING_H 1
| #define HAVE_MEMORY_H 1
| #define HAVE_STRINGS_H 1
| #define HAVE_INTTYPES_H 1
| #define HAVE_STDINT_H 1
| #define HAVE_UNISTD_H 1
| #define HAVE_DLFCN_H 1
| #define LT_OBJDIR ".libs/"
| #define HAVE_LIBM 1
| #define HAVE_LIBC 1
| #define HAVE_LIBPAPI 1
| #define STDC_HEADERS 1
| #define HAVE_ARPA_INET_H 1
| #define HAVE_NETDB_H 1
| #define HAVE_NETINET_IN_H 1
| #define HAVE_STDLIB_H 1
| #define HAVE_SYS_IOCTL_H 1
| #define HAVE_SYS_SOCKET_H 1
| #define HAVE_SYS_TIME_H 1
| #define HAVE_UNISTD_H 1
| #define HAVE_PAPI_H 1
| #define HAVE_MALLOC_H 1
| #define HAVE_GETOPT_H 1
| #define HAVE_STDLIB_H 1
| #define HAVE_NETINET_ETHER_H 1
| #define HAVE_SYS_TYPES_H 1
| #define HAVE_SYS_SOCKET_H 1
| #define HAVE_NET_ETHERNET_H 1
| #define HAVE_NETINET_IF_ETHER_H 1
| #define HAVE_LINUX_IF_PACKET_H 1
| #define TIME_WITH_SYS_TIME 1
| #define HAVE_STDLIB_H 1
| #define HAVE_MALLOC 1
| #define HAVE_STDLIB_H 1
| #define HAVE_REALLOC 1
| #define RETSIGTYPE void
| #define HAVE_VPRINTF 1
| #define HAVE_GETHOSTBYNAME 1
| #define HAVE_GETTIMEOFDAY 1
| #define HAVE_INET_NTOA 1
| #define HAVE_MEMSET 1
| #define HAVE_POW 1
| #define HAVE_SOCKET 1
| #define HAVE_SQRT 1
| #define HAVE_STRCHR 1
| #define HAVE_STRSTR 1
| #define HAVE_SYSCTL 1
| #define HRT_ARCH 2
| #define HRT_RESOLUTION 1995452700
| #define NG_OFED 1
| #define NG_MOD_TCP 1
| #define NG_MOD_UDP 1
| #define NG_MOD_MPI 1
| #define NG_MOD_ENET_EDP 1
| #define NG_MOD_ENET_ESP 1
| #define NG_MOD_ETH 1
| #define NG_MOD_ARMCI 1
| /* end confdefs.h.  */
| 
| #define NG_MOD_LIBOF
| #include "mod_libof.c"
| 
configure:16950: result: no
configure:16957: checking module IB
configure:16966: mpicc -c   conftest.c >&5
"mod_ib.c", line 212: warning: variable "i" was declared but never referenced
    int                 i, retval;
                        ^

"mod_ib.c", line 215: warning: variable "bad_mem" was declared but never referenced
    struct ib_mem_t     *ib_mem, *bad_mem;
                                  ^

"mod_ib.c", line 710: warning: statement is unreachable
        break;
        ^

"mod_ib.c", line 721: warning: statement is unreachable
  	break;
  	^

"mod_ib.c", line 726: warning: statement is unreachable
          break;
          ^

"mod_ib.c", line 740: warning: statement is unreachable
          break;
          ^

"mod_ib.c", line 745: warning: statement is unreachable
          break;
          ^

"mod_ib.c", line 872: warning: statement is unreachable
    return "unknown";
    ^

configure:16966: $? = 0
configure:16968: result: yes
configure:16983: checking module IBV
configure:16992: mpicc -c   conftest.c >&5
configure:16992: $? = 0
configure:16994: result: yes
configure:17009: checking module GM
configure:17018: mpicc -c   conftest.c >&5
configure:17018: $? = 0
configure:17020: result: yes
configure:17035: checking module SCI
configure:17044: mpicc -c   conftest.c >&5
configure:17044: $? = 0
configure:17046: result: yes
configure:17061: checking module CELL
configure:17070: mpicc -c   conftest.c >&5
configure:17070: $? = 0
configure:17072: result: yes
configure:17087: checking module MX
configure:17096: mpicc -c   conftest.c >&5
configure:17096: $? = 0
configure:17098: result: yes
configure:17113: **** checking if Netgauge patterns compile ****
configure:17116: checking pattern distrtt
configure:17132: mpicc -c   conftest.c >&5
"ptrn_distrtt.c", line 51: warning: variable "status" was declared but never referenced
  	MPI_Status status;
  	           ^

"ptrn_distrtt.c", line 53: warning: variable "__a" was declared but never referenced
       	unsigned int __a, __d;
       	             ^

"ptrn_distrtt.c", line 53: warning: variable "__d" was declared but never referenced
       	unsigned int __a, __d;
       	                  ^

configure:17132: $? = 0
configure:17134: result: yes
configure:17149: checking pattern nbov
configure:17165: mpicc -c   conftest.c >&5
"ptrn_nbov.c", line 83: warning: argument of type "unsigned long *" is incompatible with parameter of type "long *"
         get_next_testparams(&data_size, &test_count, &g_options, module)) {
                                         ^

configure:17165: $? = 0
configure:17167: result: yes
configure:17182: checking pattern loggp
configure:17198: mpicc -c   conftest.c >&5
configure:17198: $? = 0
configure:17200: result: yes
configure:17215: checking pattern noise
configure:17231: mpicc -c   conftest.c >&5
"ptrn_noise.c", line 381: warning: variable "buffer" was declared but never referenced
  	char *buffer;
  	      ^

"ptrn_noise.c", line 382: warning: variable "size" was set but never used
  	int size;
  	    ^

"ptrn_noise.c", line 384: warning: variable "workload" was declared but never referenced
  	double workload;
  	       ^

configure:17231: $? = 0
configure:17233: result: yes
configure:17248: checking pattern overlap
configure:17264: mpicc -c   conftest.c >&5
configure:17264: $? = 0
configure:17266: result: yes
configure:17287: checking pattern one_one
configure:17303: mpicxx -c -g -O2  conftest.cpp >&5
configure:17303: $? = 0
configure:17305: result: yes
configure:17320: checking pattern one_one_all
configure:17336: mpicxx -c -g -O2  conftest.cpp >&5
configure:17336: $? = 0
configure:17338: result: yes
configure:17353: checking pattern one_one_mpi_bidirect
configure:17369: mpicxx -c -g -O2  conftest.cpp >&5
configure:17369: $? = 0
configure:17371: result: yes
configure:17386: checking pattern one_one_sync
configure:17402: mpicxx -c -g -O2  conftest.cpp >&5
configure:17402: $? = 0
configure:17404: result: yes
configure:17419: checking pattern one_one_perturb
configure:17435: mpicxx -c -g -O2  conftest.cpp >&5
configure:17435: $? = 0
configure:17437: result: yes
configure:17452: checking pattern one_one_req_queue
configure:17468: mpicxx -c -g -O2  conftest.cpp >&5
"ptrn_one_one_req_queue.cpp", line 322: warning: argument is incompatible with corresponding format string conversion
            req_queue_len, /* req_queue_len */
            ^

"ptrn_one_one_req_queue.cpp", line 353: warning: argument is incompatible with corresponding format string conversion
            req_queue_len, /* req_queue_len */
            ^

"ptrn_one_one_req_queue.cpp", line 378: warning: argument is incompatible with corresponding format string conversion
            req_queue_len, /* req_queue_len */
            ^

"ptrn_one_one_req_queue.cpp", line 49: warning: variable "statistics" was declared but never referenced
    struct ng_statistics statistics;
                         ^

configure:17468: $? = 0
configure:17470: result: yes
configure:17485: checking pattern one_one_dtype
configure:17501: mpicxx -c -g -O2  conftest.cpp >&5
"ptrn_one_one_dtype.cpp", line 313: warning: argument is incompatible with corresponding format string conversion
            stride, count,
            ^

"ptrn_one_one_dtype.cpp", line 313: warning: argument is incompatible with corresponding format string conversion
            stride, count,
                    ^

"ptrn_one_one_dtype.cpp", line 344: warning: argument is incompatible with corresponding format string conversion
            stride, count, 
            ^

"ptrn_one_one_dtype.cpp", line 344: warning: argument is incompatible with corresponding format string conversion
            stride, count, 
                    ^

"ptrn_one_one_dtype.cpp", line 369: warning: argument is incompatible with corresponding format string conversion
            stride, count, sizeof(char),
            ^

"ptrn_one_one_dtype.cpp", line 369: warning: argument is incompatible with corresponding format string conversion
            stride, count, sizeof(char),
                    ^

"ptrn_one_one_dtype.cpp", line 49: warning: variable "statistics" was declared but never referenced
    struct ng_statistics statistics;
                         ^

"ptrn_one_one_dtype.cpp", line 389: warning: label "shutdown" was declared but never referenced
   shutdown:
   ^

configure:17501: $? = 0
configure:17503: result: yes
configure:17518: checking pattern one_one_randtag
configure:17534: mpicxx -c -g -O2  conftest.cpp >&5
configure:17534: $? = 0
configure:17536: result: yes
configure:17551: checking pattern one_one_randbuf
configure:17567: mpicxx -c -g -O2  conftest.cpp >&5
configure:17567: $? = 0
configure:17569: result: yes
configure:17584: checking pattern Nto1
configure:17600: mpicxx -c -g -O2  conftest.cpp >&5
configure:17600: $? = 0
configure:17602: result: yes
configure:17617: checking pattern 1toN
configure:17633: mpicxx -c -g -O2  conftest.cpp >&5
configure:17633: $? = 0
configure:17635: result: yes
configure:17650: checking pattern synctest
configure:17666: mpicxx -c -g -O2  conftest.cpp >&5
configure:17666: $? = 0
configure:17668: result: yes
configure:17683: checking pattern collvsnoise
configure:17699: mpicxx -c -g -O2  conftest.cpp >&5
configure:17699: $? = 0
configure:17701: result: yes
configure:17716: checking pattern beff
configure:17732: mpicxx -c -g -O2  conftest.cpp >&5
configure:17732: $? = 0
configure:17734: result: yes
configure:17749: checking pattern mprobe
configure:17765: mpicxx -c -g -O2  conftest.cpp >&5
"ptrn_mprobe.cpp", line 137: warning: missing return statement at end of non-void function "thr_receive"
  }
  ^

"ptrn_mprobe.cpp", line 169: warning: variable "flag" was declared but never referenced
        int flag=0;
            ^

"ptrn_mprobe.cpp", line 190: warning: missing return statement at end of non-void function "thr_ppsendrecv"
  }
  ^

"ptrn_mprobe.cpp", line 219: warning: variable "flag" was declared but never referenced
        int flag=0;
            ^

"ptrn_mprobe.cpp", line 241: warning: missing return statement at end of non-void function "thr_pprecvsend"
  }
  ^

"ptrn_mprobe.cpp", line 320: warning: variable "win" was declared but never referenced
        unsigned long long win=0;
                           ^

"ptrn_mprobe.cpp", line 479: warning: variable "nmsgs" was declared but never referenced
          int nmsgs=(p-recvprocs)*n/recvprocs;
              ^

configure:17765: $? = 0
configure:17767: result: yes
configure:17782: checking pattern memory
configure:17798: mpicxx -c -g -O2  conftest.cpp >&5
"ptrn_memory.cpp", line 290: warning: variable "tr" was declared but never referenced
    unsigned long long tirtt, tr;
                              ^

"ptrn_memory.cpp", line 843: warning: label "shutdown" was declared but never referenced
   shutdown:
   ^

configure:17798: $? = 0
configure:17800: result: yes
configure:17815: checking pattern disk
configure:17831: mpicxx -c -g -O2  conftest.cpp >&5
"ptrn_disk.cpp", line 70: warning: variable "test_round" was declared but never referenced
    int test_round = 0;
        ^

configure:17831: $? = 0
configure:17833: result: yes
configure:17848: checking pattern ebb
configure:17864: mpicxx -c -g -O2  conftest.cpp >&5
configure:17864: $? = 0
configure:17866: result: yes
configure:17881: checking pattern func_args
configure:17897: mpicxx -c -g -O2  conftest.cpp >&5
configure:17897: $? = 0
configure:17899: result: yes
configure:17914: checking pattern cpu
configure:17930: mpicxx -c -g -O2  conftest.cpp >&5
"ptrn_cpu.cpp", line 89: warning: variable "x8" was set but never used
      TYPE x8, x9,x10,x11,x12,x13,x14,x15;
           ^

"ptrn_cpu.cpp", line 89: warning: variable "x9" was set but never used
      TYPE x8, x9,x10,x11,x12,x13,x14,x15;
               ^

"ptrn_cpu.cpp", line 89: warning: variable "x10" was set but never used
      TYPE x8, x9,x10,x11,x12,x13,x14,x15;
                  ^

"ptrn_cpu.cpp", line 89: warning: variable "x11" was set but never used
      TYPE x8, x9,x10,x11,x12,x13,x14,x15;
                      ^

"ptrn_cpu.cpp", line 89: warning: variable "x12" was set but never used
      TYPE x8, x9,x10,x11,x12,x13,x14,x15;
                          ^

"ptrn_cpu.cpp", line 89: warning: variable "x13" was set but never used
      TYPE x8, x9,x10,x11,x12,x13,x14,x15;
                              ^

"ptrn_cpu.cpp", line 89: warning: variable "x14" was set but never used
      TYPE x8, x9,x10,x11,x12,x13,x14,x15;
                                  ^

"ptrn_cpu.cpp", line 89: warning: variable "x15" was set but never used
      TYPE x8, x9,x10,x11,x12,x13,x14,x15;
                                      ^

"ptrn_cpu.cpp", line 68: warning: variable "data_elems" was declared but never referenced
    long data_elems;
         ^

"ptrn_cpu.cpp", line 74: warning: variable "test_round" was declared but never referenced
    int test_round = 0;
        ^

configure:17930: $? = 0
configure:17932: result: yes
configure:18098: creating ./config.status

## ---------------------- ##
## Running config.status. ##
## ---------------------- ##

This file was extended by netgauge config.status 2.4.6, which was
generated by GNU Autoconf 2.69.  Invocation command line was

  CONFIG_FILES    = 
  CONFIG_HEADERS  = 
  CONFIG_LINKS    = 
  CONFIG_COMMANDS = 
  $ ./config.status 

on node028.cluster

config.status:1215: creating Makefile
config.status:1215: creating wnlib/Makefile
config.status:1215: creating config.h
config.status:1444: executing depfiles commands
config.status:1444: executing libtool commands

## ---------------- ##
## Cache variables. ##
## ---------------- ##

ac_cv_build=x86_64-unknown-linux-gnu
ac_cv_c_compiler_gnu=yes
ac_cv_c_const=yes
ac_cv_c_inline=inline
ac_cv_cxx_compiler_gnu=yes
ac_cv_env_CCC_set=
ac_cv_env_CCC_value=
ac_cv_env_CC_set=set
ac_cv_env_CC_value=/opt/nvidia/hpc_sdk/Linux_x86_64/21.9//compilers/bin/pgcc
ac_cv_env_CFLAGS_set=set
ac_cv_env_CFLAGS_value=
ac_cv_env_CPPFLAGS_set=
ac_cv_env_CPPFLAGS_value=
ac_cv_env_CPP_set=
ac_cv_env_CPP_value=
ac_cv_env_CXXCPP_set=
ac_cv_env_CXXCPP_value=
ac_cv_env_CXXFLAGS_set=
ac_cv_env_CXXFLAGS_value=
ac_cv_env_CXX_set=set
ac_cv_env_CXX_value=/opt/nvidia/hpc_sdk/Linux_x86_64/21.9//compilers/bin/pgc++
ac_cv_env_LDFLAGS_set=
ac_cv_env_LDFLAGS_value=
ac_cv_env_LIBS_set=
ac_cv_env_LIBS_value=
ac_cv_env_build_alias_set=
ac_cv_env_build_alias_value=
ac_cv_env_host_alias_set=
ac_cv_env_host_alias_value=
ac_cv_env_target_alias_set=
ac_cv_env_target_alias_value=
ac_cv_func__doprnt=no
ac_cv_func_gethostbyname=yes
ac_cv_func_gettimeofday=yes
ac_cv_func_inet_ntoa=yes
ac_cv_func_malloc_0_nonnull=yes
ac_cv_func_memcmp_working=yes
ac_cv_func_memset=yes
ac_cv_func_pow=yes
ac_cv_func_realloc_0_nonnull=yes
ac_cv_func_socket=yes
ac_cv_func_sqrt=yes
ac_cv_func_strchr=yes
ac_cv_func_strstr=yes
ac_cv_func_sysctl=yes
ac_cv_func_vprintf=yes
ac_cv_header_armci_h=no
ac_cv_header_arpa_inet_h=yes
ac_cv_header_dlfcn_h=yes
ac_cv_header_getopt_h=yes
ac_cv_header_infiniband_verbs_h=yes
ac_cv_header_inttypes_h=yes
ac_cv_header_linux_if_packet_h=yes
ac_cv_header_malloc_h=yes
ac_cv_header_memory_h=yes
ac_cv_header_myriexpress_h=no
ac_cv_header_net_ethernet_h=yes
ac_cv_header_netdb_h=yes
ac_cv_header_netinet_ether_h=yes
ac_cv_header_netinet_if_ether_h=yes
ac_cv_header_netinet_in_h=yes
ac_cv_header_papi_h=yes
ac_cv_header_sisci_api_h=no
ac_cv_header_stdc=yes
ac_cv_header_stdint_h=yes
ac_cv_header_stdlib_h=yes
ac_cv_header_string_h=yes
ac_cv_header_strings_h=yes
ac_cv_header_sys_ioctl_h=yes
ac_cv_header_sys_socket_h=yes
ac_cv_header_sys_stat_h=yes
ac_cv_header_sys_time_h=yes
ac_cv_header_sys_types_h=yes
ac_cv_header_time=yes
ac_cv_header_unistd_h=yes
ac_cv_host=x86_64-unknown-linux-gnu
ac_cv_lib_c_sysctl=yes
ac_cv_lib_m_sqrt=yes
ac_cv_lib_papi_PAPI_create_eventset=yes
ac_cv_objext=o
ac_cv_path_EGREP='/usr/bin/grep -E'
ac_cv_path_FGREP='/usr/bin/grep -F'
ac_cv_path_GREP=/usr/bin/grep
ac_cv_path_SED=/usr/bin/sed
ac_cv_path_install='/usr/bin/install -c'
ac_cv_path_mkdir=/usr/bin/mkdir
ac_cv_prog_AWK=gawk
ac_cv_prog_CPP='mpicc -E'
ac_cv_prog_CXXCPP='mpicxx -E'
ac_cv_prog_ac_ct_AR=ar
ac_cv_prog_ac_ct_CC=mpicc
ac_cv_prog_ac_ct_OBJDUMP=objdump
ac_cv_prog_ac_ct_RANLIB=ranlib
ac_cv_prog_ac_ct_STRIP=strip
ac_cv_prog_cc_c89=
ac_cv_prog_cc_g=yes
ac_cv_prog_cxx_g=yes
ac_cv_prog_gcc_traditional=no
ac_cv_prog_make_make_set=yes
ac_cv_prog_ng_mpicc_found=yes
ac_cv_prog_ng_mpicxx_found=yes
ac_cv_type_signal=void
am_cv_CC_dependencies_compiler_type=icc
am_cv_CXX_dependencies_compiler_type=icc
lt_cv_deplibs_check_method=pass_all
lt_cv_file_magic_cmd='$MAGIC_CMD'
lt_cv_file_magic_test_file=
lt_cv_ld_reload_flag=-r
lt_cv_nm_interface='BSD nm'
lt_cv_objdir=.libs
lt_cv_path_LD=/usr/bin/ld
lt_cv_path_LDCXX='/usr/bin/ld -m elf_x86_64'
lt_cv_path_NM='/usr/bin/nm -B'
lt_cv_prog_compiler_c_o=yes
lt_cv_prog_compiler_c_o_CXX=yes
lt_cv_prog_compiler_pic_works=yes
lt_cv_prog_compiler_pic_works_CXX=yes
lt_cv_prog_compiler_rtti_exceptions=no
lt_cv_prog_compiler_static_works=no
lt_cv_prog_compiler_static_works_CXX=no
lt_cv_prog_gnu_ld=yes
lt_cv_prog_gnu_ldcxx=yes
lt_cv_sys_global_symbol_pipe='sed -n -e '\''s/^.*[	 ]\([ABCDGIRSTW][ABCDGIRSTW]*\)[	 ][	 ]*\([_A-Za-z][_A-Za-z0-9]*\)$/\1 \2 \2/p'\'''
lt_cv_sys_global_symbol_to_c_name_address='sed -n -e '\''s/^: \([^ ]*\) $/  {\"\1\", (void *) 0},/p'\'' -e '\''s/^[ABCDGIRSTW]* \([^ ]*\) \([^ ]*\)$/  {"\2", (void *) \&\2},/p'\'''
lt_cv_sys_global_symbol_to_c_name_address_lib_prefix='sed -n -e '\''s/^: \([^ ]*\) $/  {\"\1\", (void *) 0},/p'\'' -e '\''s/^[ABCDGIRSTW]* \([^ ]*\) \(lib[^ ]*\)$/  {"\2", (void *) \&\2},/p'\'' -e '\''s/^[ABCDGIRSTW]* \([^ ]*\) \([^ ]*\)$/  {"lib\2", (void *) \&\2},/p'\'''
lt_cv_sys_global_symbol_to_cdecl='sed -n -e '\''s/^T .* \(.*\)$/extern int \1();/p'\'' -e '\''s/^[ABCDGIRSTW]* .* \(.*\)$/extern char \1;/p'\'''
lt_cv_sys_max_cmd_len=3458764513820540925

## ----------------- ##
## Output variables. ##
## ----------------- ##

ACLOCAL='${SHELL} /home/ldai8/software/Netgauge/config/missing --run aclocal-1.11'
AMDEPBACKSLASH='\'
AMDEP_FALSE='#'
AMDEP_TRUE=''
AMTAR='${SHELL} /home/ldai8/software/Netgauge/config/missing --run tar'
AR='ar'
ARSPU=''
AUTOCONF='${SHELL} /home/ldai8/software/Netgauge/config/missing --run autoconf'
AUTOHEADER='${SHELL} /home/ldai8/software/Netgauge/config/missing --run autoheader'
AUTOMAKE='${SHELL} /home/ldai8/software/Netgauge/config/missing --run automake-1.11'
AWK='gawk'
CC='mpicc'
CCDEPMODE='depmode=icc'
CFLAGS=''
CPP='mpicc -E'
CPPFLAGS=''
CXX='mpicxx'
CXXCPP='mpicxx -E'
CXXDEPMODE='depmode=icc'
CXXFLAGS='-g -O2'
CYGPATH_W='echo'
DEFS='-DHAVE_CONFIG_H'
DEPDIR='.deps'
DSYMUTIL=''
DUMPBIN=''
ECHO_C=''
ECHO_N='-n'
ECHO_T=''
EGREP='/usr/bin/grep -E'
EMBEDSPU=''
EXEEXT=''
FGREP='/usr/bin/grep -F'
GREP='/usr/bin/grep'
INSTALL_DATA='${INSTALL} -m 644'
INSTALL_PROGRAM='${INSTALL}'
INSTALL_SCRIPT='${INSTALL}'
INSTALL_STRIP_PROGRAM='$(install_sh) -c -s'
LD='/usr/bin/ld -m elf_x86_64'
LDFLAGS=' -L/usr/local/lib64 -libverbs'
LIBOBJS=''
LIBS='-lpapi -lc -lm '
LIBTOOL='$(SHELL) $(top_builddir)/libtool'
LIPO=''
LN_S='ln -s'
LTLIBOBJS=''
MAKEINFO='${SHELL} /home/ldai8/software/Netgauge/config/missing --run makeinfo'
MKDIR_P='/usr/bin/mkdir -p'
NG_CELL_FALSE=''
NG_CELL_TRUE='#'
NM='/usr/bin/nm -B'
NMEDIT=''
OBJDUMP='objdump'
OBJEXT='o'
OTOOL64=''
OTOOL=''
PACKAGE='netgauge'
PACKAGE_BUGREPORT='htor@cs.indiana.edu'
PACKAGE_NAME='netgauge'
PACKAGE_STRING='netgauge 2.4.6'
PACKAGE_TARNAME='netgauge'
PACKAGE_URL=''
PACKAGE_VERSION='2.4.6'
PATH_SEPARATOR=':'
RANLIB='ranlib'
SED='/usr/bin/sed'
SET_MAKE=''
SHELL='/bin/sh'
SPUCC=''
SPUCFLAGS=''
STRIP='strip'
VERSION='2.4.6'
ac_ct_CC='mpicc'
ac_ct_CXX=''
ac_ct_DUMPBIN=''
am__EXEEXT_FALSE=''
am__EXEEXT_TRUE='#'
am__fastdepCC_FALSE=''
am__fastdepCC_TRUE='#'
am__fastdepCXX_FALSE=''
am__fastdepCXX_TRUE='#'
am__include='include'
am__isrc=''
am__leading_dot='.'
am__quote=''
am__tar='${AMTAR} chof - "$$tardir"'
am__untar='${AMTAR} xf -'
bindir='${exec_prefix}/bin'
build='x86_64-unknown-linux-gnu'
build_alias=''
build_cpu='x86_64'
build_os='linux-gnu'
build_vendor='unknown'
datadir='${datarootdir}'
datarootdir='${prefix}/share'
docdir='${datarootdir}/doc/${PACKAGE_TARNAME}'
dvidir='${docdir}'
exec_prefix='${prefix}'
host='x86_64-unknown-linux-gnu'
host_alias=''
host_cpu='x86_64'
host_os='linux-gnu'
host_vendor='unknown'
htmldir='${docdir}'
includedir='${prefix}/include'
infodir='${datarootdir}/info'
install_sh='${SHELL} /home/ldai8/software/Netgauge/config/install-sh'
libdir='${exec_prefix}/lib'
libexecdir='${exec_prefix}/libexec'
localedir='${datarootdir}/locale'
localstatedir='${prefix}/var'
lt_ECHO='echo'
mandir='${datarootdir}/man'
mkdir_p='/usr/bin/mkdir -p'
ng_ar_found=''
ng_embedspu_found=''
ng_mpicc_found='yes'
ng_mpicxx_found='yes'
ng_spucc_found=''
ng_vstat_found=''
oldincludedir='/usr/include'
pdfdir='${docdir}'
prefix='/opt/apps/mpi/mpich-3.4.2_nvidiahpc-21.9-0'
program_transform_name='s,x,x,'
psdir='${docdir}'
sbindir='${exec_prefix}/sbin'
sharedstatedir='${prefix}/com'
sysconfdir='${prefix}/etc'
target_alias=''

## ----------- ##
## confdefs.h. ##
## ----------- ##

/* confdefs.h */
#define PACKAGE_NAME "netgauge"
#define PACKAGE_TARNAME "netgauge"
#define PACKAGE_VERSION "2.4.6"
#define PACKAGE_STRING "netgauge 2.4.6"
#define PACKAGE_BUGREPORT "htor@cs.indiana.edu"
#define PACKAGE_URL ""
#define PACKAGE "netgauge"
#define VERSION "2.4.6"
#define NG_MPI 1
#define STDC_HEADERS 1
#define HAVE_SYS_TYPES_H 1
#define HAVE_SYS_STAT_H 1
#define HAVE_STDLIB_H 1
#define HAVE_STRING_H 1
#define HAVE_MEMORY_H 1
#define HAVE_STRINGS_H 1
#define HAVE_INTTYPES_H 1
#define HAVE_STDINT_H 1
#define HAVE_UNISTD_H 1
#define HAVE_DLFCN_H 1
#define LT_OBJDIR ".libs/"
#define HAVE_LIBM 1
#define HAVE_LIBC 1
#define HAVE_LIBPAPI 1
#define STDC_HEADERS 1
#define HAVE_ARPA_INET_H 1
#define HAVE_NETDB_H 1
#define HAVE_NETINET_IN_H 1
#define HAVE_STDLIB_H 1
#define HAVE_SYS_IOCTL_H 1
#define HAVE_SYS_SOCKET_H 1
#define HAVE_SYS_TIME_H 1
#define HAVE_UNISTD_H 1
#define HAVE_PAPI_H 1
#define HAVE_MALLOC_H 1
#define HAVE_GETOPT_H 1
#define HAVE_STDLIB_H 1
#define HAVE_NETINET_ETHER_H 1
#define HAVE_SYS_TYPES_H 1
#define HAVE_SYS_SOCKET_H 1
#define HAVE_NET_ETHERNET_H 1
#define HAVE_NETINET_IF_ETHER_H 1
#define HAVE_LINUX_IF_PACKET_H 1
#define TIME_WITH_SYS_TIME 1
#define HAVE_STDLIB_H 1
#define HAVE_MALLOC 1
#define HAVE_STDLIB_H 1
#define HAVE_REALLOC 1
#define RETSIGTYPE void
#define HAVE_VPRINTF 1
#define HAVE_GETHOSTBYNAME 1
#define HAVE_GETTIMEOFDAY 1
#define HAVE_INET_NTOA 1
#define HAVE_MEMSET 1
#define HAVE_POW 1
#define HAVE_SOCKET 1
#define HAVE_SQRT 1
#define HAVE_STRCHR 1
#define HAVE_STRSTR 1
#define HAVE_SYSCTL 1
#define HRT_ARCH 2
#define HRT_RESOLUTION 1995452700
#define NG_OFED 1
#define NG_MOD_TCP 1
#define NG_MOD_UDP 1
#define NG_MOD_MPI 1
#define NG_MOD_ENET_EDP 1
#define NG_MOD_ENET_ESP 1
#define NG_MOD_ETH 1
#define NG_MOD_ARMCI 1
#define NG_MOD_IB 1
#define NG_MOD_IBV 1
#define NG_MOD_GM 1
#define NG_MOD_SCI 1
#define NG_MOD_CELL 1
#define NG_MOD_MX 1
#define NG_PTRN_DISTRTT 1
#define NG_PTRN_NBOV 1
#define NG_PTRN_LOGGP 1
#define NG_PTRN_NOISE 1
#define NG_PTRN_OVERLAP 1
#define NG_PTRN_ONE_ONE 1
#define NG_PTRN_ONE_ONE_ALL 1
#define NG_PTRN_ONE_ONE_MPI_BIDIRECT 1
#define NG_PTRN_ONE_ONE_SYNC 1
#define NG_PTRN_ONE_ONE_PERTURB 1
#define NG_PTRN_ONE_ONE_REQ_QUEUE 1
#define NG_PTRN_ONE_ONE_DTYPE 1
#define NG_PTRN_ONE_ONE_RANDTAG 1
#define NG_PTRN_ONE_ONE_RANDBUF 1
#define NG_PTRN_NTO1 1
#define NG_PTRN_1TON 1
#define NG_PTRN_SYNCTEST 1
#define NG_PTRN_COLLVSNOISE 1
#define NG_PTRN_BEFF 1
#define NG_PTRN_MPROBE 1
#define NG_PTRN_MEMORY 1
#define NG_PTRN_DISK 1
#define NG_PTRN_EBB 1
#define NG_PTRN_FUNC_ARGS 1
#define NG_PTRN_CPU 1

configure: exit 0
